Using pre-set license
Built from '2022.3/staging' branch; Version is '2022.3.23f1 (dbb3f7c5b5c6) revision 14398455'; Using compiler version '192829333'; Build Type 'Release'
OS: 'Windows 11  (10.0.22631) 64bit Core' Language: 'en' Physical Memory: 32412 MB
BatchMode: 1, IsHumanControllingUs: 0, StartBugReporterOnCrash: 0, Is64bit: 1, IsPro: 1

COMMAND LINE ARGUMENTS:
C:\Program Files\Unity\Hub\Editor\2022.3.23f1\Editor\Unity.exe
-adb2
-batchMode
-noUpm
-name
AssetImportWorker3
-projectPath
C:/Users/ReF1N/Hologram_Menu
-logFile
Logs/AssetImportWorker3.log
-srvPort
54761
Successfully changed project path to: C:/Users/ReF1N/Hologram_Menu
C:/Users/ReF1N/Hologram_Menu
[UnityMemory] Configuration Parameters - Can be set up in boot.config
    "memorysetup-bucket-allocator-granularity=16"
    "memorysetup-bucket-allocator-bucket-count=8"
    "memorysetup-bucket-allocator-block-size=33554432"
    "memorysetup-bucket-allocator-block-count=8"
    "memorysetup-main-allocator-block-size=16777216"
    "memorysetup-thread-allocator-block-size=16777216"
    "memorysetup-gfx-main-allocator-block-size=16777216"
    "memorysetup-gfx-thread-allocator-block-size=16777216"
    "memorysetup-cache-allocator-block-size=4194304"
    "memorysetup-typetree-allocator-block-size=2097152"
    "memorysetup-profiler-bucket-allocator-granularity=16"
    "memorysetup-profiler-bucket-allocator-bucket-count=8"
    "memorysetup-profiler-bucket-allocator-block-size=33554432"
    "memorysetup-profiler-bucket-allocator-block-count=8"
    "memorysetup-profiler-allocator-block-size=16777216"
    "memorysetup-profiler-editor-allocator-block-size=1048576"
    "memorysetup-temp-allocator-size-main=16777216"
    "memorysetup-job-temp-allocator-block-size=2097152"
    "memorysetup-job-temp-allocator-block-size-background=1048576"
    "memorysetup-job-temp-allocator-reduction-small-platforms=262144"
    "memorysetup-allocator-temp-initial-block-size-main=262144"
    "memorysetup-allocator-temp-initial-block-size-worker=262144"
    "memorysetup-temp-allocator-size-background-worker=32768"
    "memorysetup-temp-allocator-size-job-worker=262144"
    "memorysetup-temp-allocator-size-preload-manager=33554432"
    "memorysetup-temp-allocator-size-nav-mesh-worker=65536"
    "memorysetup-temp-allocator-size-audio-worker=65536"
    "memorysetup-temp-allocator-size-cloud-worker=32768"
    "memorysetup-temp-allocator-size-gi-baking-worker=262144"
    "memorysetup-temp-allocator-size-gfx=262144"
Player connection [41612] Host "[IP] 10.233.14.68 [Port] 0 [Flags] 2 [Guid] 4037020153 [EditorId] 4037020153 [Version] 1048832 [Id] WindowsEditor(7,Blade16) [Debug] 1 [PackageName] WindowsEditor [ProjectName] Editor" joined multi-casting on [225.0.0.222:54997]...

Player connection [41612] Host "[IP] 10.233.14.68 [Port] 0 [Flags] 2 [Guid] 4037020153 [EditorId] 4037020153 [Version] 1048832 [Id] WindowsEditor(7,Blade16) [Debug] 1 [PackageName] WindowsEditor [ProjectName] Editor" joined alternative multi-casting on [225.0.0.222:34997]...

[Physics::Module] Initialized MultithreadedJobDispatcher with 31 workers.
Refreshing native plugins compatible for Editor in 28.23 ms, found 15 plugins.
Preloading 0 native plugins for Editor in 0.00 ms.
Initialize engine version: 2022.3.23f1 (dbb3f7c5b5c6)
[Subsystems] Discovering subsystems at path C:/Program Files/Unity/Hub/Editor/2022.3.23f1/Editor/Data/Resources/UnitySubsystems
[Subsystems] Discovering subsystems at path C:/Users/ReF1N/Hologram_Menu/Assets
GfxDevice: creating device client; threaded=0; jobified=0
Direct3D:
    Version:  Direct3D 11.0 [level 11.1]
    Renderer: NVIDIA GeForce RTX 4090 Laptop GPU (ID=0x2757)
    Vendor:   NVIDIA
    VRAM:     16050 MB
    Driver:   31.0.15.5222
Initialize mono
Mono path[0] = 'C:/Program Files/Unity/Hub/Editor/2022.3.23f1/Editor/Data/Managed'
Mono path[1] = 'C:/Program Files/Unity/Hub/Editor/2022.3.23f1/Editor/Data/MonoBleedingEdge/lib/mono/unityjit-win32'
Mono config path = 'C:/Program Files/Unity/Hub/Editor/2022.3.23f1/Editor/Data/MonoBleedingEdge/etc'
Using monoOptions --debugger-agent=transport=dt_socket,embedding=1,server=y,suspend=n,address=127.0.0.1:56508
Begin MonoManager ReloadAssembly
Registering precompiled unity dll's ...
Register platform support module: C:/Program Files/Unity/Hub/Editor/2022.3.23f1/Editor/Data/PlaybackEngines/WindowsStandaloneSupport/UnityEditor.WindowsStandalone.Extensions.dll
Register platform support module: C:/Program Files/Unity/Hub/Editor/2022.3.23f1/Editor/Data/PlaybackEngines/MetroSupport/UnityEditor.UWP.Extensions.dll
Registered in 0.015814 seconds.
- Loaded All Assemblies, in  0.425 seconds
Native extension for UWP target not found
Native extension for WindowsStandalone target not found
Mono: successfully reloaded assembly
- Finished resetting the current domain, in  0.321 seconds
Domain Reload Profiling: 744ms
	BeginReloadAssembly (119ms)
		ExecutionOrderSort (0ms)
		DisableScriptedObjects (0ms)
		BackupInstance (0ms)
		ReleaseScriptingObjects (0ms)
		CreateAndSetChildDomain (1ms)
	RebuildCommonClasses (33ms)
	RebuildNativeTypeToScriptingClass (11ms)
	initialDomainReloadingComplete (73ms)
	LoadAllAssembliesAndSetupDomain (186ms)
		LoadAssemblies (116ms)
		RebuildTransferFunctionScriptingTraits (0ms)
		AnalyzeDomain (184ms)
			TypeCache.Refresh (182ms)
				TypeCache.ScanAssembly (164ms)
			ScanForSourceGeneratedMonoScriptInfo (1ms)
			ResolveRequiredComponents (1ms)
	FinalizeReload (322ms)
		ReleaseScriptCaches (0ms)
		RebuildScriptCaches (0ms)
		SetupLoadedEditorAssemblies (254ms)
			LogAssemblyErrors (0ms)
			InitializePlatformSupportModulesInManaged (10ms)
			SetLoadedEditorAssemblies (7ms)
			RefreshPlugins (0ms)
			BeforeProcessingInitializeOnLoad (2ms)
			ProcessInitializeOnLoadAttributes (172ms)
			ProcessInitializeOnLoadMethodAttributes (63ms)
			AfterProcessingInitializeOnLoad (0ms)
			EditorAssembliesLoaded (0ms)
		ExecutionOrderSort2 (0ms)
		AwakeInstancesAfterBackupRestoration (0ms)
========================================================================
Worker process is ready to serve import requests
Begin MonoManager ReloadAssembly
- Loaded All Assemblies, in  0.949 seconds
Refreshing native plugins compatible for Editor in 38.53 ms, found 15 plugins.
Native extension for UWP target not found
Native extension for WindowsStandalone target not found
Package Manager log level set to [2]
[Package Manager] Server::EnsureServerProcessIsRunning -- launch failed, reason: Unity was launched with the -noUpm command-line argument
[Package Manager] UpmClient::Send -- Unable to send message (not connected to UPM process).
[Package Manager] Cannot connect to Unity Package Manager local server
[Package Manager] Server::EnsureServerProcessIsRunning -- launch failed, reason: Unity was launched with the -noUpm command-line argument
[Package Manager] UpmClient::Send -- Unable to send message (not connected to UPM process).
[Package Manager] Cannot connect to Unity Package Manager local server
Mono: successfully reloaded assembly
[Package Manager] Server::EnsureServerProcessIsRunning -- launch failed, reason: Unity was launched with the -noUpm command-line argument
[Package Manager] UpmClient::Send -- Unable to send message (not connected to UPM process).
[Package Manager] Cannot connect to Unity Package Manager local server
[Package Manager] Server::EnsureServerProcessIsRunning -- launch failed, reason: Unity was launched with the -noUpm command-line argument
[Package Manager] UpmClient::Send -- Unable to send message (not connected to UPM process).
[Package Manager] Cannot connect to Unity Package Manager local server
- Finished resetting the current domain, in  1.276 seconds
Domain Reload Profiling: 2219ms
	BeginReloadAssembly (170ms)
		ExecutionOrderSort (0ms)
		DisableScriptedObjects (7ms)
		BackupInstance (0ms)
		ReleaseScriptingObjects (0ms)
		CreateAndSetChildDomain (22ms)
	RebuildCommonClasses (46ms)
	RebuildNativeTypeToScriptingClass (14ms)
	initialDomainReloadingComplete (59ms)
	LoadAllAssembliesAndSetupDomain (654ms)
		LoadAssemblies (443ms)
		RebuildTransferFunctionScriptingTraits (0ms)
		AnalyzeDomain (311ms)
			TypeCache.Refresh (241ms)
				TypeCache.ScanAssembly (217ms)
			ScanForSourceGeneratedMonoScriptInfo (48ms)
			ResolveRequiredComponents (20ms)
	FinalizeReload (1277ms)
		ReleaseScriptCaches (0ms)
		RebuildScriptCaches (0ms)
		SetupLoadedEditorAssemblies (1044ms)
			LogAssemblyErrors (0ms)
			InitializePlatformSupportModulesInManaged (7ms)
			SetLoadedEditorAssemblies (7ms)
			RefreshPlugins (0ms)
			BeforeProcessingInitializeOnLoad (132ms)
			ProcessInitializeOnLoadAttributes (804ms)
			ProcessInitializeOnLoadMethodAttributes (84ms)
			AfterProcessingInitializeOnLoad (9ms)
			EditorAssembliesLoaded (0ms)
		ExecutionOrderSort2 (0ms)
		AwakeInstancesAfterBackupRestoration (6ms)
Launched and connected shader compiler UnityShaderCompiler.exe after 0.05 seconds
Refreshing native plugins compatible for Editor in 38.17 ms, found 15 plugins.
Preloading 0 native plugins for Editor in 0.00 ms.
Unloading 5964 Unused Serialized files (Serialized files now loaded: 0)
Unloading 91 unused Assets / (1.3 MB). Loaded Objects now: 6431.
Memory consumption went from 200.5 MB to 199.2 MB.
Total: 8.570300 ms (FindLiveObjects: 0.649300 ms CreateObjectMapping: 0.368900 ms MarkObjects: 6.069400 ms  DeleteObjects: 1.481000 ms)

AssetImportParameters requested are different than current active one (requested -> active):
  custom:container-demuxer-ogg: 62fdf1f143b41e24485cea50d1cbac27 -> 
  custom:video-codec-MediaFoundation-h265: 746d11721c4dcdbdad8f713fa42b33f4 -> 
  custom:video-decoder-ogg-theora: a1e56fd34408186e4bbccfd4996cb3dc -> 
  custom:framework-win-MediaFoundation: 216162199b28c13a410421893ffa2e32 -> 
  custom:CustomObjectIndexerAttribute: 9a22284fe3817be447336de3de66b15e -> 
  custom:container-demuxer-webm: 4f35f7cbe854078d1ac9338744f61a02 -> 
  custom:container-muxer-webm: aa71ff27fc2769a1b78a27578f13a17b -> 
  custom:video-decoder-webm-vp8: 9c59270c3fd7afecdb556c50c9e8de78 -> 
  custom:SearchIndexIgnoredProperties: e643bd26f0fe6173181afceb89e7c659 -> 
  custom:AudioImporter_EditorPlatform: d09bf68614088b80899f8185d706f6e7 -> 
  custom:video-encoder-webm-vp8: eb34c28f22e8b96e1ab97ce403110664 -> 
  custom:audio-decoder-ogg-vorbis: bf7c407c2cedff20999df2af8eb42d56 -> 
  custom:audio-encoder-webm-vorbis: bf7c407c2cedff20999df2af8eb42d56 -> 
========================================================================
Received Import Request.
  Time since last request: 271841.946848 seconds.
  path: Assets/MRTK/StandardAssets/Fonts/selawkl.ttf
  artifactKey: Guid(e65983ad3f7b44aa81e726d5ffb472d7) Importer(815301076,1909f56bfc062723c751e8b465ee728b)
Start importing Assets/MRTK/StandardAssets/Fonts/selawkl.ttf using Guid(e65983ad3f7b44aa81e726d5ffb472d7) Importer(815301076,1909f56bfc062723c751e8b465ee728b)  -> (artifact id: '634047c0fa9522854635aa803c93e573') in 0.158858 seconds
Number of updated asset objects reloaded before import = 0
Number of asset objects unloaded after import = 4
========================================================================
Received Import Request.
  Time since last request: 0.000041 seconds.
  path: Assets/MRTK/SDK/Features/UX/Interactable/Materials/HolographicButtonIconFollowMe.mat
  artifactKey: Guid(929f4e12c37d25a4ba6ddce457e88551) Importer(815301076,1909f56bfc062723c751e8b465ee728b)
Start importing Assets/MRTK/SDK/Features/UX/Interactable/Materials/HolographicButtonIconFollowMe.mat using Guid(929f4e12c37d25a4ba6ddce457e88551) Importer(815301076,1909f56bfc062723c751e8b465ee728b)  -> (artifact id: '847df74cca65ab1aa31e81d27887f8ae') in 0.122033 seconds
Number of updated asset objects reloaded before import = 0
Number of asset objects unloaded after import = 2
========================================================================
Received Import Request.
  Time since last request: 0.000023 seconds.
  path: Assets/MRTK/SDK/Features/UX/Interactable/Prefabs/Radial.prefab
  artifactKey: Guid(0f83fa6afa56ead46bbd762156f1137e) Importer(815301076,1909f56bfc062723c751e8b465ee728b)
Start importing Assets/MRTK/SDK/Features/UX/Interactable/Prefabs/Radial.prefab using Guid(0f83fa6afa56ead46bbd762156f1137e) Importer(815301076,1909f56bfc062723c751e8b465ee728b)  -> (artifact id: '7cea482fb2d77e3246f30d72494e40a5') in 0.119053 seconds
Number of updated asset objects reloaded before import = 0
Number of asset objects unloaded after import = 56
========================================================================
Received Import Request.
  Time since last request: 0.000021 seconds.
  path: Assets/MRTK/SDK/Features/UX/Prefabs/Menus/NearMenu2x4.prefab
  artifactKey: Guid(4cc25867f13a101459aeac0807dc2d30) Importer(815301076,1909f56bfc062723c751e8b465ee728b)
Start importing Assets/MRTK/SDK/Features/UX/Prefabs/Menus/NearMenu2x4.prefab using Guid(4cc25867f13a101459aeac0807dc2d30) Importer(815301076,1909f56bfc062723c751e8b465ee728b)  -> (artifact id: '5c709c2bd282c92488edc029e7388289') in 0.513575 seconds
Number of updated asset objects reloaded before import = 0
Number of asset objects unloaded after import = 1276
========================================================================
Received Import Request.
  Time since last request: 0.000030 seconds.
  path: Assets/MRTK/Examples/StandardAssets/Models/Lander.fbx
  artifactKey: Guid(1b1d8c45e1e584240b13d1fc6fbb99a6) Importer(815301076,1909f56bfc062723c751e8b465ee728b)
Start importing Assets/MRTK/Examples/StandardAssets/Models/Lander.fbx using Guid(1b1d8c45e1e584240b13d1fc6fbb99a6) Importer(815301076,1909f56bfc062723c751e8b465ee728b)  -> (artifact id: '5e1401877d8aaea90b2cd09443d590d5') in 0.485665 seconds
Number of updated asset objects reloaded before import = 0
Number of asset objects unloaded after import = 80
========================================================================
Received Import Request.
  Time since last request: 0.000029 seconds.
  path: Assets/MRTK/SDK/Features/UX/Interactable/Materials/DefaultButton.mat
  artifactKey: Guid(11a74654c6e973049993e13dd7e9733f) Importer(815301076,1909f56bfc062723c751e8b465ee728b)
Start importing Assets/MRTK/SDK/Features/UX/Interactable/Materials/DefaultButton.mat using Guid(11a74654c6e973049993e13dd7e9733f) Importer(815301076,1909f56bfc062723c751e8b465ee728b)  -> (artifact id: 'ed38cab61a777060b3cdbf1cf57c00a2') in 0.127704 seconds
Number of updated asset objects reloaded before import = 0
Number of asset objects unloaded after import = 1
========================================================================
Received Import Request.
  Time since last request: 0.000035 seconds.
  path: Assets/MRTK/SDK/Experimental/NonNativeKeyboard/Prefabs/NonNativeKeyboard.prefab
  artifactKey: Guid(c4e389e44d96da64ea974ab237ce1a9a) Importer(815301076,1909f56bfc062723c751e8b465ee728b)
Start importing Assets/MRTK/SDK/Experimental/NonNativeKeyboard/Prefabs/NonNativeKeyboard.prefab using Guid(c4e389e44d96da64ea974ab237ce1a9a) Importer(815301076,1909f56bfc062723c751e8b465ee728b)  -> (artifact id: '64afb1c3498f760e10868a5b8786ea7f') in 0.094730 seconds
Number of updated asset objects reloaded before import = 0
Number of asset objects unloaded after import = 1423
========================================================================
Received Import Request.
  Time since last request: 0.000032 seconds.
  path: Assets/MRTK/SDK/Features/UX/Materials/BoundingBoxSlate.mat
  artifactKey: Guid(6f044b5d95469d64ea8feb1225b1d5fa) Importer(815301076,1909f56bfc062723c751e8b465ee728b)
Start importing Assets/MRTK/SDK/Features/UX/Materials/BoundingBoxSlate.mat using Guid(6f044b5d95469d64ea8feb1225b1d5fa) Importer(815301076,1909f56bfc062723c751e8b465ee728b)  -> (artifact id: 'a1e8d43269e8f2d40dd0552f8c379e1c') in 0.144276 seconds
Number of updated asset objects reloaded before import = 0
Number of asset objects unloaded after import = 1
========================================================================
Received Import Request.
  Time since last request: 0.000019 seconds.
  path: Assets/MRTK/Examples/Experimental/HandMenuLayout/Materials/HandMenuIcon_4x1.mat
  artifactKey: Guid(9ff2d24666a1b6448a4816e92be49297) Importer(815301076,1909f56bfc062723c751e8b465ee728b)
Start importing Assets/MRTK/Examples/Experimental/HandMenuLayout/Materials/HandMenuIcon_4x1.mat using Guid(9ff2d24666a1b6448a4816e92be49297) Importer(815301076,1909f56bfc062723c751e8b465ee728b)  -> (artifact id: 'd0e6a1271c1ae6f5119c259c4e1502f0') in 0.016892 seconds
Number of updated asset objects reloaded before import = 0
Number of asset objects unloaded after import = 2
========================================================================
Received Import Request.
  Time since last request: 0.000028 seconds.
  path: Assets/MRTK/Examples/Demos/EyeTracking/DemoVisualizer/Materials/mat_icon_PauseReplay.mat
  artifactKey: Guid(5827ffebbe7432b4ca4446f36bc72632) Importer(815301076,1909f56bfc062723c751e8b465ee728b)
Start importing Assets/MRTK/Examples/Demos/EyeTracking/DemoVisualizer/Materials/mat_icon_PauseReplay.mat using Guid(5827ffebbe7432b4ca4446f36bc72632) Importer(815301076,1909f56bfc062723c751e8b465ee728b)  -> (artifact id: 'e57c2b40619ef4b688af442c64e99795') in 0.083074 seconds
Number of updated asset objects reloaded before import = 0
Number of asset objects unloaded after import = 2
========================================================================
Received Import Request.
  Time since last request: 0.000375 seconds.
  path: Assets/MRTK/Examples/StandardAssets/Materials/HoverLightParticle.mat
  artifactKey: Guid(743afc8c61ca6014da823e7a286ff374) Importer(815301076,1909f56bfc062723c751e8b465ee728b)
Start importing Assets/MRTK/Examples/StandardAssets/Materials/HoverLightParticle.mat using Guid(743afc8c61ca6014da823e7a286ff374) Importer(815301076,1909f56bfc062723c751e8b465ee728b)  -> (artifact id: '51a4110618020ef9f09ab6a89995dcd1') in 0.057843 seconds
Number of updated asset objects reloaded before import = 0
Number of asset objects unloaded after import = 1
========================================================================
Received Import Request.
  Time since last request: 0.000018 seconds.
  path: Assets/MRTK/SDK/Features/UX/Interactable/Materials/HolographicButtonIconCheckBoxOff.mat
  artifactKey: Guid(d263b1c7b0982b04f8cf95851e838930) Importer(815301076,1909f56bfc062723c751e8b465ee728b)
Start importing Assets/MRTK/SDK/Features/UX/Interactable/Materials/HolographicButtonIconCheckBoxOff.mat using Guid(d263b1c7b0982b04f8cf95851e838930) Importer(815301076,1909f56bfc062723c751e8b465ee728b)  -> (artifact id: 'af6189dc06f0df3cbde7a86d30c45763') in 0.060184 seconds
Number of updated asset objects reloaded before import = 0
Number of asset objects unloaded after import = 2
========================================================================
Received Import Request.
  Time since last request: 0.000033 seconds.
  path: Assets/MRTK/StandardAssets/Fonts/selawk.ttf
  artifactKey: Guid(e48b920555144c6da3ee2ab03f0fda88) Importer(815301076,1909f56bfc062723c751e8b465ee728b)
Start importing Assets/MRTK/StandardAssets/Fonts/selawk.ttf using Guid(e48b920555144c6da3ee2ab03f0fda88) Importer(815301076,1909f56bfc062723c751e8b465ee728b)  -> (artifact id: '4be79500808a5d5a7ef3a55b83a4f089') in 0.012453 seconds
Number of updated asset objects reloaded before import = 0
Number of asset objects unloaded after import = 4
========================================================================
Received Import Request.
  Time since last request: 0.000019 seconds.
  path: Assets/MRTK/SDK/Features/UX/Interactable/Materials/HolographicBackPlateBorderOnly.mat
  artifactKey: Guid(416caa6b57bb22c40ab9f1a4c12b304e) Importer(815301076,1909f56bfc062723c751e8b465ee728b)
Start importing Assets/MRTK/SDK/Features/UX/Interactable/Materials/HolographicBackPlateBorderOnly.mat using Guid(416caa6b57bb22c40ab9f1a4c12b304e) Importer(815301076,1909f56bfc062723c751e8b465ee728b)  -> (artifact id: 'd6b5424e0fedeed4577fab30947b3167') in 0.014823 seconds
Number of updated asset objects reloaded before import = 0
Number of asset objects unloaded after import = 2
========================================================================
Received Import Request.
  Time since last request: 0.000028 seconds.
  path: Assets/MRTK/Examples/Demos/Gltf/Models/Cube/GLB/cube-with-custom-attr.glb
  artifactKey: Guid(f0bb9fb635c69be4e8526b0fb6b48f39) Importer(815301076,1909f56bfc062723c751e8b465ee728b)
Start importing Assets/MRTK/Examples/Demos/Gltf/Models/Cube/GLB/cube-with-custom-attr.glb using Guid(f0bb9fb635c69be4e8526b0fb6b48f39) Importer(815301076,1909f56bfc062723c751e8b465ee728b)  -> (artifact id: 'ddf13ca3b7eed226bccc6b63bc14f1e3') in 0.139796 seconds
Number of updated asset objects reloaded before import = 0
Number of asset objects unloaded after import = 14
========================================================================
Received Import Request.
  Time since last request: 0.000018 seconds.
  path: Assets/MRTK/SDK/Features/UX/Interactable/Prefabs/PressableButtonHoloLens2Bar4V.prefab
  artifactKey: Guid(9db3c1f5a57fb2b40ae4b085f123abfe) Importer(815301076,1909f56bfc062723c751e8b465ee728b)
Start importing Assets/MRTK/SDK/Features/UX/Interactable/Prefabs/PressableButtonHoloLens2Bar4V.prefab using Guid(9db3c1f5a57fb2b40ae4b085f123abfe) Importer(815301076,1909f56bfc062723c751e8b465ee728b)  -> (artifact id: '584bab0f08c12f40eef0eddd79f7b2eb') in 0.069410 seconds
Number of updated asset objects reloaded before import = 0
Number of asset objects unloaded after import = 565
========================================================================
Received Import Request.
  Time since last request: 0.000021 seconds.
  path: Assets/MRTK/Examples/Demos/EyeTracking/General/Materials/mat_blacktile.mat
  artifactKey: Guid(ff5db1fd52542dc409e95a288234c585) Importer(815301076,1909f56bfc062723c751e8b465ee728b)
Start importing Assets/MRTK/Examples/Demos/EyeTracking/General/Materials/mat_blacktile.mat using Guid(ff5db1fd52542dc409e95a288234c585) Importer(815301076,1909f56bfc062723c751e8b465ee728b)  -> (artifact id: '2c088a0223bc3e261ac91e40de466939') in 0.096137 seconds
Number of updated asset objects reloaded before import = 0
Number of asset objects unloaded after import = 2
========================================================================
Received Import Request.
  Time since last request: 0.000028 seconds.
  path: Assets/MRTK/SDK/Features/UX/Interactable/Materials/HolographicButtonIconMRTKLogo.mat
  artifactKey: Guid(a733cc411dc53cc4794e0f29c2ca990b) Importer(815301076,1909f56bfc062723c751e8b465ee728b)
Start importing Assets/MRTK/SDK/Features/UX/Interactable/Materials/HolographicButtonIconMRTKLogo.mat using Guid(a733cc411dc53cc4794e0f29c2ca990b) Importer(815301076,1909f56bfc062723c751e8b465ee728b)  -> (artifact id: '47d28dad7a1a4e81a7003b3908c8a706') in 0.016348 seconds
Number of updated asset objects reloaded before import = 0
Number of asset objects unloaded after import = 2
========================================================================
Received Import Request.
  Time since last request: 0.000023 seconds.
  path: Assets/MRTK/SDK/Features/UX/Interactable/Materials/ColorButtonProximity.mat
  artifactKey: Guid(bdccf05745da15347b32e2a4ff255dc9) Importer(815301076,1909f56bfc062723c751e8b465ee728b)
Start importing Assets/MRTK/SDK/Features/UX/Interactable/Materials/ColorButtonProximity.mat using Guid(bdccf05745da15347b32e2a4ff255dc9) Importer(815301076,1909f56bfc062723c751e8b465ee728b)  -> (artifact id: '00fd05c5920fbb58b224d1aacc158a12') in 0.134458 seconds
Number of updated asset objects reloaded before import = 0
Number of asset objects unloaded after import = 1
========================================================================
Received Import Request.
  Time since last request: 0.000021 seconds.
  path: Assets/MRTK/Examples/Experimental/HandMenuLayout/Materials/HandMenuIcon_3x1_Circles.mat
  artifactKey: Guid(69c05afc3438a35418a58af01704459a) Importer(815301076,1909f56bfc062723c751e8b465ee728b)
Start importing Assets/MRTK/Examples/Experimental/HandMenuLayout/Materials/HandMenuIcon_3x1_Circles.mat using Guid(69c05afc3438a35418a58af01704459a) Importer(815301076,1909f56bfc062723c751e8b465ee728b)  -> (artifact id: 'fbb427b9b2811735f47a01966591e693') in 0.019748 seconds
Number of updated asset objects reloaded before import = 0
Number of asset objects unloaded after import = 2
========================================================================
Received Import Request.
  Time since last request: 0.000018 seconds.
  path: Assets/MRTK/Examples/Experimental/HandMenuLayout/Prefabs/PalmUpHandMenu_AboveFingertips_3x4.prefab
  artifactKey: Guid(e2f6f6072287b9543ba3002962cd02c0) Importer(815301076,1909f56bfc062723c751e8b465ee728b)
Start importing Assets/MRTK/Examples/Experimental/HandMenuLayout/Prefabs/PalmUpHandMenu_AboveFingertips_3x4.prefab using Guid(e2f6f6072287b9543ba3002962cd02c0) Importer(815301076,1909f56bfc062723c751e8b465ee728b)  -> (artifact id: 'e8f6ba6c004480809f2735e328604383') in 0.300877 seconds
Number of updated asset objects reloaded before import = 0
Number of asset objects unloaded after import = 1138
========================================================================
Received Import Request.
  Time since last request: 0.000027 seconds.
  path: Assets/MRTK/SDK/Features/UX/Prefabs/AppBar/PressableButtonAppBar.prefab
  artifactKey: Guid(88586ad49c144a14695ecab6882c1c46) Importer(815301076,1909f56bfc062723c751e8b465ee728b)
Start importing Assets/MRTK/SDK/Features/UX/Prefabs/AppBar/PressableButtonAppBar.prefab using Guid(88586ad49c144a14695ecab6882c1c46) Importer(815301076,1909f56bfc062723c751e8b465ee728b)  -> (artifact id: '4a1ef7548a08eca54395473e872d6e0b') in 0.059590 seconds
Number of updated asset objects reloaded before import = 0
Number of asset objects unloaded after import = 186
========================================================================
Received Import Request.
  Time since last request: 0.000031 seconds.
  path: Assets/MRTK/SDK/Features/UX/Interactable/Materials/HolographicButtonIconHome.mat
  artifactKey: Guid(d3ec6f10c2cd7564693e6e59ca3239be) Importer(815301076,1909f56bfc062723c751e8b465ee728b)
Start importing Assets/MRTK/SDK/Features/UX/Interactable/Materials/HolographicButtonIconHome.mat using Guid(d3ec6f10c2cd7564693e6e59ca3239be) Importer(815301076,1909f56bfc062723c751e8b465ee728b)  -> (artifact id: '3e4caefed184156dfe951e2e4d00d228') in 0.020883 seconds
Number of updated asset objects reloaded before import = 0
Number of asset objects unloaded after import = 2
========================================================================
Received Import Request.
  Time since last request: 0.000024 seconds.
  path: Assets/MRTK/SDK/Features/UX/Prefabs/Hands/HandJointSphere.prefab
  artifactKey: Guid(b37dde41a983d664c8a09a91313733e7) Importer(815301076,1909f56bfc062723c751e8b465ee728b)
Start importing Assets/MRTK/SDK/Features/UX/Prefabs/Hands/HandJointSphere.prefab using Guid(b37dde41a983d664c8a09a91313733e7) Importer(815301076,1909f56bfc062723c751e8b465ee728b)  -> (artifact id: 'ef4e4ccab6c3861832506487ee800d44') in 0.075805 seconds
Number of updated asset objects reloaded before import = 0
Number of asset objects unloaded after import = 7
========================================================================
Received Import Request.
  Time since last request: 0.000019 seconds.
  path: Assets/MRTK/SDK/Features/UX/Interactable/Materials/CarryModeOutline.mat
  artifactKey: Guid(15445dbe491e8f9428ad63168cae68eb) Importer(815301076,1909f56bfc062723c751e8b465ee728b)
Start importing Assets/MRTK/SDK/Features/UX/Interactable/Materials/CarryModeOutline.mat using Guid(15445dbe491e8f9428ad63168cae68eb) Importer(815301076,1909f56bfc062723c751e8b465ee728b)  -> (artifact id: 'fbd3420dbbe65aa25fb017269cb79960') in 0.124503 seconds
Number of updated asset objects reloaded before import = 0
Number of asset objects unloaded after import = 2
========================================================================
Received Import Request.
  Time since last request: 0.000022 seconds.
  path: Assets/MRTK/SDK/Features/UX/Meshes/Sliders/thick_rounded12.fbx
  artifactKey: Guid(8881ed45b1c1d9c45b0f99ba2730ee66) Importer(815301076,1909f56bfc062723c751e8b465ee728b)
Start importing Assets/MRTK/SDK/Features/UX/Meshes/Sliders/thick_rounded12.fbx using Guid(8881ed45b1c1d9c45b0f99ba2730ee66) Importer(815301076,1909f56bfc062723c751e8b465ee728b)  -> (artifact id: '2120a56c6aae546ae9761137cd8b5c7f') in 0.028152 seconds
Number of updated asset objects reloaded before import = 0
Number of asset objects unloaded after import = 8
========================================================================
Received Import Request.
  Time since last request: 0.000032 seconds.
  path: Assets/MRTK/Examples/StandardAssets/Materials/Font.mat
  artifactKey: Guid(2a65a96aa29341b0a25ab4be7dff429a) Importer(815301076,1909f56bfc062723c751e8b465ee728b)
Start importing Assets/MRTK/Examples/StandardAssets/Materials/Font.mat using Guid(2a65a96aa29341b0a25ab4be7dff429a) Importer(815301076,1909f56bfc062723c751e8b465ee728b)  -> (artifact id: 'ec74d27b784e387157c6b69dd629da90') in 0.075608 seconds
Number of updated asset objects reloaded before import = 0
Number of asset objects unloaded after import = 2
========================================================================
Received Import Request.
  Time since last request: 0.000017 seconds.
  path: Assets/MRTK/Examples/Experimental/SceneUnderstanding/Materials/DemoSceneUnderstandingUI.mat
  artifactKey: Guid(866f1ab18e7e9e84ca843a2c26bc0b3b) Importer(815301076,1909f56bfc062723c751e8b465ee728b)
Start importing Assets/MRTK/Examples/Experimental/SceneUnderstanding/Materials/DemoSceneUnderstandingUI.mat using Guid(866f1ab18e7e9e84ca843a2c26bc0b3b) Importer(815301076,1909f56bfc062723c751e8b465ee728b)  -> (artifact id: '6088d0b8f30b55a54afb538c2cb8cb58') in 0.016220 seconds
Number of updated asset objects reloaded before import = 0
Number of asset objects unloaded after import = 2
========================================================================
Received Import Request.
  Time since last request: 0.000042 seconds.
  path: Assets/MRTK/Examples/StandardAssets/Materials/JointReticle.mat
  artifactKey: Guid(a4f69d1689086fd4aa72e54c268c73c7) Importer(815301076,1909f56bfc062723c751e8b465ee728b)
Start importing Assets/MRTK/Examples/StandardAssets/Materials/JointReticle.mat using Guid(a4f69d1689086fd4aa72e54c268c73c7) Importer(815301076,1909f56bfc062723c751e8b465ee728b)  -> (artifact id: '3c352094690615ebf77a43e640787783') in 0.227959 seconds
Number of updated asset objects reloaded before import = 0
Number of asset objects unloaded after import = 1
========================================================================
Received Import Request.
  Time since last request: 3.683595 seconds.
  path: Assets/MRTK/SDK/Features/UX/Prefabs/HandCoach/RotatingHandCoachRoot_L.prefab
  artifactKey: Guid(c1238fbbf064156488dfd28752bc5775) Importer(815301076,1909f56bfc062723c751e8b465ee728b)
Start importing Assets/MRTK/SDK/Features/UX/Prefabs/HandCoach/RotatingHandCoachRoot_L.prefab using Guid(c1238fbbf064156488dfd28752bc5775) Importer(815301076,1909f56bfc062723c751e8b465ee728b)  -> (artifact id: 'dcd1f9fb5904ea15ec16a231311a3b8c') in 0.204549 seconds
Number of updated asset objects reloaded before import = 0
Number of asset objects unloaded after import = 193
========================================================================
Received Import Request.
  Time since last request: 0.000022 seconds.
  path: Assets/MRTK/SDK/Features/UX/Prefabs/HandCoach/StaticHandCoachRoot_L.prefab
  artifactKey: Guid(59645faaa717cc146aa4b2bf782278bc) Importer(815301076,1909f56bfc062723c751e8b465ee728b)
Start importing Assets/MRTK/SDK/Features/UX/Prefabs/HandCoach/StaticHandCoachRoot_L.prefab using Guid(59645faaa717cc146aa4b2bf782278bc) Importer(815301076,1909f56bfc062723c751e8b465ee728b)  -> (artifact id: '75bbb690bea6396c85bda2da39df2a1a') in 0.103593 seconds
Number of updated asset objects reloaded before import = 0
Number of asset objects unloaded after import = 185
========================================================================
Received Import Request.
  Time since last request: 0.000027 seconds.
  path: Assets/MRTK/SDK/Features/UX/Prefabs/Cursors/ScreenSpaceMouseCursor.prefab
  artifactKey: Guid(7682ceab055e4ff4eb2f73d245c55eea) Importer(815301076,1909f56bfc062723c751e8b465ee728b)
Start importing Assets/MRTK/SDK/Features/UX/Prefabs/Cursors/ScreenSpaceMouseCursor.prefab using Guid(7682ceab055e4ff4eb2f73d245c55eea) Importer(815301076,1909f56bfc062723c751e8b465ee728b)  -> (artifact id: 'fdfcb4489911fcc16c56daa3004cf64a') in 0.003292 seconds
Number of updated asset objects reloaded before import = 0
Number of asset objects unloaded after import = 6
========================================================================
Received Import Request.
  Time since last request: 0.000018 seconds.
  path: Assets/MRTK/Examples/Demos/ScrollingObjectCollection/Prefabs/ScrollingOC_PressableBtn_32x96.prefab
  artifactKey: Guid(f8e43a3ccc58ff943b0bed33339f073b) Importer(815301076,1909f56bfc062723c751e8b465ee728b)
Start importing Assets/MRTK/Examples/Demos/ScrollingObjectCollection/Prefabs/ScrollingOC_PressableBtn_32x96.prefab using Guid(f8e43a3ccc58ff943b0bed33339f073b) Importer(815301076,1909f56bfc062723c751e8b465ee728b)  -> (artifact id: '8f90b5e0da075c477ccfa9e24861e884') in 0.069500 seconds
Number of updated asset objects reloaded before import = 0
Number of asset objects unloaded after import = 670
========================================================================
Received Import Request.
  Time since last request: 0.321180 seconds.
  path: Assets/MRTK/Examples/Common/Prefabs/TestCanvas.prefab
  artifactKey: Guid(655521c3560b40f40b75cd30857eae84) Importer(815301076,1909f56bfc062723c751e8b465ee728b)
Start importing Assets/MRTK/Examples/Common/Prefabs/TestCanvas.prefab using Guid(655521c3560b40f40b75cd30857eae84) Importer(815301076,1909f56bfc062723c751e8b465ee728b)  -> (artifact id: '3145ec19aa2009ae9ee00f1ee0ccbd83') in 0.051847 seconds
Number of updated asset objects reloaded before import = 0
Number of asset objects unloaded after import = 239
========================================================================
Received Import Request.
  Time since last request: 0.000014 seconds.
  path: Packages/com.unity.xr.legacyinputhelpers/Prefabs/XRRig.prefab
  artifactKey: Guid(c116b7497ab8ca34c9188965d4295e27) Importer(815301076,1909f56bfc062723c751e8b465ee728b)
Start importing Packages/com.unity.xr.legacyinputhelpers/Prefabs/XRRig.prefab using Guid(c116b7497ab8ca34c9188965d4295e27) Importer(815301076,1909f56bfc062723c751e8b465ee728b)  -> (artifact id: '7361d7dbb747376953d5567a725f618b') in 0.004042 seconds
Number of updated asset objects reloaded before import = 0
Number of asset objects unloaded after import = 11
========================================================================
Received Import Request.
  Time since last request: 0.000035 seconds.
  path: Assets/MRTK/SDK/Features/UX/Interactable/Prefabs/UnityUIInteractables/UnityUIRadialButton.prefab
  artifactKey: Guid(e35ccb692ee2a154fb472995266a2450) Importer(815301076,1909f56bfc062723c751e8b465ee728b)
Start importing Assets/MRTK/SDK/Features/UX/Interactable/Prefabs/UnityUIInteractables/UnityUIRadialButton.prefab using Guid(e35ccb692ee2a154fb472995266a2450) Importer(815301076,1909f56bfc062723c751e8b465ee728b)  -> (artifact id: 'cce2b9e7c390ffe8400b282bb512212c') in 0.015921 seconds
Number of updated asset objects reloaded before import = 0
Number of asset objects unloaded after import = 36
========================================================================
Received Import Request.
  Time since last request: 0.000199 seconds.
  path: Assets/MRTK/SDK/StandardAssets/Prefabs/Text/UITextSelawikSemibold.prefab
  artifactKey: Guid(49decb0e244f5d44bb735bcc4ebf67a5) Importer(815301076,1909f56bfc062723c751e8b465ee728b)
Start importing Assets/MRTK/SDK/StandardAssets/Prefabs/Text/UITextSelawikSemibold.prefab using Guid(49decb0e244f5d44bb735bcc4ebf67a5) Importer(815301076,1909f56bfc062723c751e8b465ee728b)  -> (artifact id: '45cdb9cda72f4ea4327ef2056cc0639e') in 0.004029 seconds
Number of updated asset objects reloaded before import = 0
Number of asset objects unloaded after import = 14
========================================================================
Received Import Request.
  Time since last request: 0.000013 seconds.
  path: Assets/MRTK/SDK/StandardAssets/Prefabs/UI Backplate.prefab
  artifactKey: Guid(021378ec8dbd3e144b68bc5769a858ec) Importer(815301076,1909f56bfc062723c751e8b465ee728b)
Start importing Assets/MRTK/SDK/StandardAssets/Prefabs/UI Backplate.prefab using Guid(021378ec8dbd3e144b68bc5769a858ec) Importer(815301076,1909f56bfc062723c751e8b465ee728b)  -> (artifact id: 'ada82b93c8e210299a793e4c010fc9c5') in 0.020170 seconds
Number of updated asset objects reloaded before import = 0
Number of asset objects unloaded after import = 16
========================================================================
Received Import Request.
  Time since last request: 0.000207 seconds.
  path: Assets/MRTK/SDK/Features/UX/Interactable/Prefabs/UnityUIInteractables/UnityUIToggleButton.prefab
  artifactKey: Guid(24fcaf2789c7e264a9a6d0298d717617) Importer(815301076,1909f56bfc062723c751e8b465ee728b)
Start importing Assets/MRTK/SDK/Features/UX/Interactable/Prefabs/UnityUIInteractables/UnityUIToggleButton.prefab using Guid(24fcaf2789c7e264a9a6d0298d717617) Importer(815301076,1909f56bfc062723c751e8b465ee728b)  -> (artifact id: 'cb06e28e5705876e56318521b872ebec') in 0.014827 seconds
Number of updated asset objects reloaded before import = 0
Number of asset objects unloaded after import = 72
========================================================================
Received Import Request.
  Time since last request: 0.000019 seconds.
  path: Assets/MRTK/SDK/StandardAssets/Prefabs/Text/UITextSelawikSemilight.prefab
  artifactKey: Guid(2368ebf887d15654b9c093ac1a4f378e) Importer(815301076,1909f56bfc062723c751e8b465ee728b)
Start importing Assets/MRTK/SDK/StandardAssets/Prefabs/Text/UITextSelawikSemilight.prefab using Guid(2368ebf887d15654b9c093ac1a4f378e) Importer(815301076,1909f56bfc062723c751e8b465ee728b)  -> (artifact id: 'd0547ca905b514cc22490495c49ba132') in 0.004139 seconds
Number of updated asset objects reloaded before import = 0
Number of asset objects unloaded after import = 14
Editor requested this worker to shutdown with reason: Scaling down because of idle timeout
TcpMessagingSession - receive error
AssetImportWorkerClient::OnTransportError - code=2 error=End of file
AssetImportWorker is now disconnected from the server
Process exiting
Exiting without the bug reporter. Application will terminate with return code 0