Using pre-set license
Built from '2022.3/staging' branch; Version is '2022.3.23f1 (dbb3f7c5b5c6) revision 14398455'; Using compiler version '192829333'; Build Type 'Release'
OS: 'Windows 11  (10.0.22631) 64bit Core' Language: 'en' Physical Memory: 32412 MB
BatchMode: 1, IsHumanControllingUs: 0, StartBugReporterOnCrash: 0, Is64bit: 1, IsPro: 1

COMMAND LINE ARGUMENTS:
C:\Program Files\Unity\Hub\Editor\2022.3.23f1\Editor\Unity.exe
-adb2
-batchMode
-noUpm
-name
AssetImportWorker2
-projectPath
C:/Users/ReF1N/Hologram_Menu
-logFile
Logs/AssetImportWorker2.log
-srvPort
54761
Successfully changed project path to: C:/Users/ReF1N/Hologram_Menu
C:/Users/ReF1N/Hologram_Menu
[UnityMemory] Configuration Parameters - Can be set up in boot.config
    "memorysetup-bucket-allocator-granularity=16"
    "memorysetup-bucket-allocator-bucket-count=8"
    "memorysetup-bucket-allocator-block-size=33554432"
    "memorysetup-bucket-allocator-block-count=8"
    "memorysetup-main-allocator-block-size=16777216"
    "memorysetup-thread-allocator-block-size=16777216"
    "memorysetup-gfx-main-allocator-block-size=16777216"
    "memorysetup-gfx-thread-allocator-block-size=16777216"
    "memorysetup-cache-allocator-block-size=4194304"
    "memorysetup-typetree-allocator-block-size=2097152"
    "memorysetup-profiler-bucket-allocator-granularity=16"
    "memorysetup-profiler-bucket-allocator-bucket-count=8"
    "memorysetup-profiler-bucket-allocator-block-size=33554432"
    "memorysetup-profiler-bucket-allocator-block-count=8"
    "memorysetup-profiler-allocator-block-size=16777216"
    "memorysetup-profiler-editor-allocator-block-size=1048576"
    "memorysetup-temp-allocator-size-main=16777216"
    "memorysetup-job-temp-allocator-block-size=2097152"
    "memorysetup-job-temp-allocator-block-size-background=1048576"
    "memorysetup-job-temp-allocator-reduction-small-platforms=262144"
    "memorysetup-allocator-temp-initial-block-size-main=262144"
    "memorysetup-allocator-temp-initial-block-size-worker=262144"
    "memorysetup-temp-allocator-size-background-worker=32768"
    "memorysetup-temp-allocator-size-job-worker=262144"
    "memorysetup-temp-allocator-size-preload-manager=33554432"
    "memorysetup-temp-allocator-size-nav-mesh-worker=65536"
    "memorysetup-temp-allocator-size-audio-worker=65536"
    "memorysetup-temp-allocator-size-cloud-worker=32768"
    "memorysetup-temp-allocator-size-gi-baking-worker=262144"
    "memorysetup-temp-allocator-size-gfx=262144"
Player connection [43572] Host "[IP] 10.233.14.68 [Port] 0 [Flags] 2 [Guid] 76160475 [EditorId] 76160475 [Version] 1048832 [Id] WindowsEditor(7,Blade16) [Debug] 1 [PackageName] WindowsEditor [ProjectName] Editor" joined multi-casting on [225.0.0.222:54997]...

Player connection [43572] Host "[IP] 10.233.14.68 [Port] 0 [Flags] 2 [Guid] 76160475 [EditorId] 76160475 [Version] 1048832 [Id] WindowsEditor(7,Blade16) [Debug] 1 [PackageName] WindowsEditor [ProjectName] Editor" joined alternative multi-casting on [225.0.0.222:34997]...

[Physics::Module] Initialized MultithreadedJobDispatcher with 31 workers.
Refreshing native plugins compatible for Editor in 20.59 ms, found 15 plugins.
Preloading 0 native plugins for Editor in 0.00 ms.
Initialize engine version: 2022.3.23f1 (dbb3f7c5b5c6)
[Subsystems] Discovering subsystems at path C:/Program Files/Unity/Hub/Editor/2022.3.23f1/Editor/Data/Resources/UnitySubsystems
[Subsystems] Discovering subsystems at path C:/Users/ReF1N/Hologram_Menu/Assets
GfxDevice: creating device client; threaded=0; jobified=0
Direct3D:
    Version:  Direct3D 11.0 [level 11.1]
    Renderer: NVIDIA GeForce RTX 4090 Laptop GPU (ID=0x2757)
    Vendor:   NVIDIA
    VRAM:     16050 MB
    Driver:   31.0.15.5222
Initialize mono
Mono path[0] = 'C:/Program Files/Unity/Hub/Editor/2022.3.23f1/Editor/Data/Managed'
Mono path[1] = 'C:/Program Files/Unity/Hub/Editor/2022.3.23f1/Editor/Data/MonoBleedingEdge/lib/mono/unityjit-win32'
Mono config path = 'C:/Program Files/Unity/Hub/Editor/2022.3.23f1/Editor/Data/MonoBleedingEdge/etc'
Using monoOptions --debugger-agent=transport=dt_socket,embedding=1,server=y,suspend=n,address=127.0.0.1:56248
Begin MonoManager ReloadAssembly
Registering precompiled unity dll's ...
Register platform support module: C:/Program Files/Unity/Hub/Editor/2022.3.23f1/Editor/Data/PlaybackEngines/WindowsStandaloneSupport/UnityEditor.WindowsStandalone.Extensions.dll
Register platform support module: C:/Program Files/Unity/Hub/Editor/2022.3.23f1/Editor/Data/PlaybackEngines/MetroSupport/UnityEditor.UWP.Extensions.dll
Registered in 0.012613 seconds.
- Loaded All Assemblies, in  0.416 seconds
Native extension for UWP target not found
Native extension for WindowsStandalone target not found
Mono: successfully reloaded assembly
- Finished resetting the current domain, in  0.333 seconds
Domain Reload Profiling: 747ms
	BeginReloadAssembly (121ms)
		ExecutionOrderSort (0ms)
		DisableScriptedObjects (0ms)
		BackupInstance (0ms)
		ReleaseScriptingObjects (0ms)
		CreateAndSetChildDomain (1ms)
	RebuildCommonClasses (37ms)
	RebuildNativeTypeToScriptingClass (11ms)
	initialDomainReloadingComplete (71ms)
	LoadAllAssembliesAndSetupDomain (174ms)
		LoadAssemblies (117ms)
		RebuildTransferFunctionScriptingTraits (0ms)
		AnalyzeDomain (172ms)
			TypeCache.Refresh (171ms)
				TypeCache.ScanAssembly (157ms)
			ScanForSourceGeneratedMonoScriptInfo (0ms)
			ResolveRequiredComponents (0ms)
	FinalizeReload (333ms)
		ReleaseScriptCaches (0ms)
		RebuildScriptCaches (0ms)
		SetupLoadedEditorAssemblies (261ms)
			LogAssemblyErrors (0ms)
			InitializePlatformSupportModulesInManaged (12ms)
			SetLoadedEditorAssemblies (6ms)
			RefreshPlugins (0ms)
			BeforeProcessingInitializeOnLoad (3ms)
			ProcessInitializeOnLoadAttributes (173ms)
			ProcessInitializeOnLoadMethodAttributes (66ms)
			AfterProcessingInitializeOnLoad (0ms)
			EditorAssembliesLoaded (0ms)
		ExecutionOrderSort2 (0ms)
		AwakeInstancesAfterBackupRestoration (0ms)
========================================================================
Worker process is ready to serve import requests
Begin MonoManager ReloadAssembly
- Loaded All Assemblies, in  0.925 seconds
Refreshing native plugins compatible for Editor in 21.95 ms, found 15 plugins.
Native extension for UWP target not found
Native extension for WindowsStandalone target not found
Package Manager log level set to [2]
[Package Manager] Server::EnsureServerProcessIsRunning -- launch failed, reason: Unity was launched with the -noUpm command-line argument
[Package Manager] UpmClient::Send -- Unable to send message (not connected to UPM process).
[Package Manager] Cannot connect to Unity Package Manager local server
[Package Manager] Server::EnsureServerProcessIsRunning -- launch failed, reason: Unity was launched with the -noUpm command-line argument
[Package Manager] UpmClient::Send -- Unable to send message (not connected to UPM process).
[Package Manager] Cannot connect to Unity Package Manager local server
Mono: successfully reloaded assembly
[Package Manager] Server::EnsureServerProcessIsRunning -- launch failed, reason: Unity was launched with the -noUpm command-line argument
[Package Manager] UpmClient::Send -- Unable to send message (not connected to UPM process).
[Package Manager] Cannot connect to Unity Package Manager local server
[Package Manager] Server::EnsureServerProcessIsRunning -- launch failed, reason: Unity was launched with the -noUpm command-line argument
[Package Manager] UpmClient::Send -- Unable to send message (not connected to UPM process).
[Package Manager] Cannot connect to Unity Package Manager local server
- Finished resetting the current domain, in  1.266 seconds
Domain Reload Profiling: 2182ms
	BeginReloadAssembly (166ms)
		ExecutionOrderSort (0ms)
		DisableScriptedObjects (7ms)
		BackupInstance (0ms)
		ReleaseScriptingObjects (0ms)
		CreateAndSetChildDomain (20ms)
	RebuildCommonClasses (44ms)
	RebuildNativeTypeToScriptingClass (12ms)
	initialDomainReloadingComplete (54ms)
	LoadAllAssembliesAndSetupDomain (640ms)
		LoadAssemblies (418ms)
		RebuildTransferFunctionScriptingTraits (0ms)
		AnalyzeDomain (317ms)
			TypeCache.Refresh (256ms)
				TypeCache.ScanAssembly (233ms)
			ScanForSourceGeneratedMonoScriptInfo (43ms)
			ResolveRequiredComponents (15ms)
	FinalizeReload (1266ms)
		ReleaseScriptCaches (0ms)
		RebuildScriptCaches (0ms)
		SetupLoadedEditorAssemblies (1024ms)
			LogAssemblyErrors (0ms)
			InitializePlatformSupportModulesInManaged (9ms)
			SetLoadedEditorAssemblies (7ms)
			RefreshPlugins (0ms)
			BeforeProcessingInitializeOnLoad (126ms)
			ProcessInitializeOnLoadAttributes (792ms)
			ProcessInitializeOnLoadMethodAttributes (80ms)
			AfterProcessingInitializeOnLoad (9ms)
			EditorAssembliesLoaded (0ms)
		ExecutionOrderSort2 (0ms)
		AwakeInstancesAfterBackupRestoration (6ms)
Launched and connected shader compiler UnityShaderCompiler.exe after 0.05 seconds
Refreshing native plugins compatible for Editor in 18.69 ms, found 15 plugins.
Preloading 0 native plugins for Editor in 0.00 ms.
Unloading 5964 Unused Serialized files (Serialized files now loaded: 0)
Unloading 91 unused Assets / (1.2 MB). Loaded Objects now: 6431.
Memory consumption went from 200.4 MB to 199.2 MB.
Total: 5.625200 ms (FindLiveObjects: 0.578300 ms CreateObjectMapping: 0.439800 ms MarkObjects: 4.052800 ms  DeleteObjects: 0.552500 ms)

AssetImportParameters requested are different than current active one (requested -> active):
  custom:container-demuxer-ogg: 62fdf1f143b41e24485cea50d1cbac27 -> 
  custom:video-codec-MediaFoundation-h265: 746d11721c4dcdbdad8f713fa42b33f4 -> 
  custom:video-decoder-ogg-theora: a1e56fd34408186e4bbccfd4996cb3dc -> 
  custom:framework-win-MediaFoundation: 216162199b28c13a410421893ffa2e32 -> 
  custom:CustomObjectIndexerAttribute: 9a22284fe3817be447336de3de66b15e -> 
  custom:container-demuxer-webm: 4f35f7cbe854078d1ac9338744f61a02 -> 
  custom:container-muxer-webm: aa71ff27fc2769a1b78a27578f13a17b -> 
  custom:video-decoder-webm-vp8: 9c59270c3fd7afecdb556c50c9e8de78 -> 
  custom:SearchIndexIgnoredProperties: e643bd26f0fe6173181afceb89e7c659 -> 
  custom:AudioImporter_EditorPlatform: d09bf68614088b80899f8185d706f6e7 -> 
  custom:video-encoder-webm-vp8: eb34c28f22e8b96e1ab97ce403110664 -> 
  custom:audio-decoder-ogg-vorbis: bf7c407c2cedff20999df2af8eb42d56 -> 
  custom:audio-encoder-webm-vorbis: bf7c407c2cedff20999df2af8eb42d56 -> 
========================================================================
Received Import Request.
  Time since last request: 271841.677367 seconds.
  path: Assets/MRTK/SDK/Features/UX/Interactable/Materials/HolographicButtonIconGrabAreaDouble.mat
  artifactKey: Guid(562472529ff7b124fb4142dc857bcda7) Importer(815301076,1909f56bfc062723c751e8b465ee728b)
Start importing Assets/MRTK/SDK/Features/UX/Interactable/Materials/HolographicButtonIconGrabAreaDouble.mat using Guid(562472529ff7b124fb4142dc857bcda7) Importer(815301076,1909f56bfc062723c751e8b465ee728b)  -> (artifact id: 'bdddb4e7477c972bef093d11f6ae786b') in 0.283964 seconds
Number of updated asset objects reloaded before import = 0
Number of asset objects unloaded after import = 2
========================================================================
Received Import Request.
  Time since last request: 0.000042 seconds.
  path: Assets/MRTK/Examples/Experimental/HandMenuLayout/Materials/HandMenu_AppButton_Backplate_Purple.mat
  artifactKey: Guid(5ee2be8b1cb8f124fb9da6c8a8f3a2f3) Importer(815301076,1909f56bfc062723c751e8b465ee728b)
Start importing Assets/MRTK/Examples/Experimental/HandMenuLayout/Materials/HandMenu_AppButton_Backplate_Purple.mat using Guid(5ee2be8b1cb8f124fb9da6c8a8f3a2f3) Importer(815301076,1909f56bfc062723c751e8b465ee728b)  -> (artifact id: '5fdbd7906c8959d458fd544889ee7922') in 0.080354 seconds
Number of updated asset objects reloaded before import = 0
Number of asset objects unloaded after import = 2
========================================================================
Received Import Request.
  Time since last request: 0.000018 seconds.
  path: Assets/MRTK/Examples/StandardAssets/Models/Materials/8.mat
  artifactKey: Guid(bc50df427b3cb4b48931176cb316d8ab) Importer(815301076,1909f56bfc062723c751e8b465ee728b)
Start importing Assets/MRTK/Examples/StandardAssets/Models/Materials/8.mat using Guid(bc50df427b3cb4b48931176cb316d8ab) Importer(815301076,1909f56bfc062723c751e8b465ee728b)  -> (artifact id: '38d5b0df1883aa139a18f90d0bb2ce14') in 0.079769 seconds
Number of updated asset objects reloaded before import = 0
Number of asset objects unloaded after import = 2
========================================================================
Received Import Request.
  Time since last request: 0.000023 seconds.
  path: Assets/MRTK/Examples/Demos/EyeTracking/General/Materials/mat_dwellfeedback_border2.mat
  artifactKey: Guid(21676be9f95b1944ba2fd39a8b8ab496) Importer(815301076,1909f56bfc062723c751e8b465ee728b)
Start importing Assets/MRTK/Examples/Demos/EyeTracking/General/Materials/mat_dwellfeedback_border2.mat using Guid(21676be9f95b1944ba2fd39a8b8ab496) Importer(815301076,1909f56bfc062723c751e8b465ee728b)  -> (artifact id: 'e8c61f1bbce49c5802ee30afd61ccca4') in 0.058446 seconds
Number of updated asset objects reloaded before import = 0
Number of asset objects unloaded after import = 2
========================================================================
Received Import Request.
  Time since last request: 0.000021 seconds.
  path: Assets/MRTK/Examples/StandardAssets/Materials/GestureNavigationSpace.mat
  artifactKey: Guid(345cf13a0dc3bbf4fb442081da148417) Importer(815301076,1909f56bfc062723c751e8b465ee728b)
Start importing Assets/MRTK/Examples/StandardAssets/Materials/GestureNavigationSpace.mat using Guid(345cf13a0dc3bbf4fb442081da148417) Importer(815301076,1909f56bfc062723c751e8b465ee728b)  -> (artifact id: 'cad5c1a3e40dab3f881eb472f800d530') in 0.107117 seconds
Number of updated asset objects reloaded before import = 0
Number of asset objects unloaded after import = 1
========================================================================
Received Import Request.
  Time since last request: 0.000027 seconds.
  path: Assets/MRTK/SDK/Features/UX/Interactable/Prefabs/PressableButtonHoloLens2ToggleCheckBox_32x96.prefab
  artifactKey: Guid(bf131ef81694d6b41b6b57098e74066f) Importer(815301076,1909f56bfc062723c751e8b465ee728b)
Start importing Assets/MRTK/SDK/Features/UX/Interactable/Prefabs/PressableButtonHoloLens2ToggleCheckBox_32x96.prefab using Guid(bf131ef81694d6b41b6b57098e74066f) Importer(815301076,1909f56bfc062723c751e8b465ee728b)  -> (artifact id: 'bebd824c1f6df004ce8bc24008330a82') in 0.408269 seconds
Number of updated asset objects reloaded before import = 0
Number of asset objects unloaded after import = 445
========================================================================
Received Import Request.
  Time since last request: 0.000020 seconds.
  path: Assets/MRTK/SDK/Features/UX/Interactable/Materials/HolographicButtonIconSpatialMesh.mat
  artifactKey: Guid(3d0d8cbbeb901c54dbf0ff1dfab58703) Importer(815301076,1909f56bfc062723c751e8b465ee728b)
Start importing Assets/MRTK/SDK/Features/UX/Interactable/Materials/HolographicButtonIconSpatialMesh.mat using Guid(3d0d8cbbeb901c54dbf0ff1dfab58703) Importer(815301076,1909f56bfc062723c751e8b465ee728b)  -> (artifact id: 'bb187bcf40704859faf9eed0ca41c554') in 0.045409 seconds
Number of updated asset objects reloaded before import = 0
Number of asset objects unloaded after import = 2
========================================================================
Received Import Request.
  Time since last request: 0.000038 seconds.
  path: Assets/MRTK/Examples/Experimental/ExamplesHub/Prefabs/ExampleHubButton.prefab
  artifactKey: Guid(97e77b91a85a1c844aee31efd81859a2) Importer(815301076,1909f56bfc062723c751e8b465ee728b)
Start importing Assets/MRTK/Examples/Experimental/ExamplesHub/Prefabs/ExampleHubButton.prefab using Guid(97e77b91a85a1c844aee31efd81859a2) Importer(815301076,1909f56bfc062723c751e8b465ee728b)  -> (artifact id: '81037ea173caa2129d36483a2157164a') in 0.239976 seconds
Number of updated asset objects reloaded before import = 0
Number of asset objects unloaded after import = 44
========================================================================
Received Import Request.
  Time since last request: 0.000036 seconds.
  path: Assets/MRTK/SDK/Experimental/InteractiveElement/Prefabs/CompressableButtonCube.prefab
  artifactKey: Guid(cd2f1e5c2c0ca934ab7b77568de1b45a) Importer(815301076,1909f56bfc062723c751e8b465ee728b)
Start importing Assets/MRTK/SDK/Experimental/InteractiveElement/Prefabs/CompressableButtonCube.prefab using Guid(cd2f1e5c2c0ca934ab7b77568de1b45a) Importer(815301076,1909f56bfc062723c751e8b465ee728b)  -> (artifact id: 'f9f1f0575e3d1499e835505097714fa7') in 0.273982 seconds
Number of updated asset objects reloaded before import = 0
Number of asset objects unloaded after import = 9
========================================================================
Received Import Request.
  Time since last request: 0.000036 seconds.
  path: Assets/MRTK/SDK/Features/UX/Interactable/Materials/HolographicBackPlate.mat
  artifactKey: Guid(ec72a3a105768f746b556a8dfdae61a8) Importer(815301076,1909f56bfc062723c751e8b465ee728b)
Start importing Assets/MRTK/SDK/Features/UX/Interactable/Materials/HolographicBackPlate.mat using Guid(ec72a3a105768f746b556a8dfdae61a8) Importer(815301076,1909f56bfc062723c751e8b465ee728b)  -> (artifact id: '1a537db102b696dfe91d57e6e4c40ad4') in 0.017998 seconds
Number of updated asset objects reloaded before import = 0
Number of asset objects unloaded after import = 2
========================================================================
Received Import Request.
  Time since last request: 0.000018 seconds.
  path: Assets/MRTK/SDK/StandardAssets/Models/MRTK_BoundingBox_RotateHandle.fbx
  artifactKey: Guid(57c53da2552a8114ab6d68e0cd31b1eb) Importer(815301076,1909f56bfc062723c751e8b465ee728b)
Start importing Assets/MRTK/SDK/StandardAssets/Models/MRTK_BoundingBox_RotateHandle.fbx using Guid(57c53da2552a8114ab6d68e0cd31b1eb) Importer(815301076,1909f56bfc062723c751e8b465ee728b)  -> (artifact id: 'c3c17b464d53a073135491ea7826af43') in 0.144689 seconds
Number of updated asset objects reloaded before import = 0
Number of asset objects unloaded after import = 8
========================================================================
Received Import Request.
  Time since last request: 0.000020 seconds.
  path: Assets/MRTK/SDK/Features/UX/Interactable/Prefabs/PressableButtonHoloLens2Toggle_32x96_Dwell.prefab
  artifactKey: Guid(50469ebdb56a73345a8d145b7acfd0cc) Importer(815301076,1909f56bfc062723c751e8b465ee728b)
Start importing Assets/MRTK/SDK/Features/UX/Interactable/Prefabs/PressableButtonHoloLens2Toggle_32x96_Dwell.prefab using Guid(50469ebdb56a73345a8d145b7acfd0cc) Importer(815301076,1909f56bfc062723c751e8b465ee728b)  -> (artifact id: '4c34a2502912faef27b0022108e3c1cc') in 0.170347 seconds
Number of updated asset objects reloaded before import = 0
Number of asset objects unloaded after import = 426
========================================================================
Received Import Request.
  Time since last request: 0.000021 seconds.
  path: Assets/MRTK/SDK/Features/UX/Interactable/Materials/HolographicButtonContentCageProximityCircular.mat
  artifactKey: Guid(ed88a1368a3ad7248b15504ada5915a6) Importer(815301076,1909f56bfc062723c751e8b465ee728b)
Start importing Assets/MRTK/SDK/Features/UX/Interactable/Materials/HolographicButtonContentCageProximityCircular.mat using Guid(ed88a1368a3ad7248b15504ada5915a6) Importer(815301076,1909f56bfc062723c751e8b465ee728b)  -> (artifact id: 'b46f1deb28e06e5c9abb5f775980fc3c') in 0.148326 seconds
Number of updated asset objects reloaded before import = 0
Number of asset objects unloaded after import = 1
========================================================================
Received Import Request.
  Time since last request: 0.000037 seconds.
  path: Assets/MRTK/Examples/Demos/EyeTracking/DemoTargetSelections/Materials/EyeGazeCursor 1.mat
  artifactKey: Guid(f35b45e77783d754ea8d9fc0f502c49d) Importer(815301076,1909f56bfc062723c751e8b465ee728b)
Start importing Assets/MRTK/Examples/Demos/EyeTracking/DemoTargetSelections/Materials/EyeGazeCursor 1.mat using Guid(f35b45e77783d754ea8d9fc0f502c49d) Importer(815301076,1909f56bfc062723c751e8b465ee728b)  -> (artifact id: 'a28ead504961c5e36048d14e618f9ea9') in 0.076562 seconds
Number of updated asset objects reloaded before import = 0
Number of asset objects unloaded after import = 1
========================================================================
Received Import Request.
  Time since last request: 0.000018 seconds.
  path: Assets/MRTK/Examples/Experimental/HandMenuLayout/Materials/HandMenuIcon_3x6.mat
  artifactKey: Guid(6362701088f18d145badc467367785e6) Importer(815301076,1909f56bfc062723c751e8b465ee728b)
Start importing Assets/MRTK/Examples/Experimental/HandMenuLayout/Materials/HandMenuIcon_3x6.mat using Guid(6362701088f18d145badc467367785e6) Importer(815301076,1909f56bfc062723c751e8b465ee728b)  -> (artifact id: 'dc1156221010bd34b622ffd043c50963') in 0.023201 seconds
Number of updated asset objects reloaded before import = 0
Number of asset objects unloaded after import = 2
========================================================================
Received Import Request.
  Time since last request: 0.000019 seconds.
  path: Assets/MRTK/Examples/StandardAssets/Models/MRTK_Logo.glb
  artifactKey: Guid(3b33a4e5e0c7d0044a34529b0e796bab) Importer(815301076,1909f56bfc062723c751e8b465ee728b)
Start importing Assets/MRTK/Examples/StandardAssets/Models/MRTK_Logo.glb using Guid(3b33a4e5e0c7d0044a34529b0e796bab) Importer(815301076,1909f56bfc062723c751e8b465ee728b)  -> (artifact id: 'b5acb623de55943df6ee4bd1379ea592') in 0.070256 seconds
Number of updated asset objects reloaded before import = 0
Number of asset objects unloaded after import = 22
========================================================================
Received Import Request.
  Time since last request: 0.000022 seconds.
  path: Assets/MRTK/Examples/Demos/EyeTracking/DemoVisualizer/Materials/mat_icon_PlayData.mat
  artifactKey: Guid(c2137cb90a424174ca9c1de8d41039d6) Importer(815301076,1909f56bfc062723c751e8b465ee728b)
Start importing Assets/MRTK/Examples/Demos/EyeTracking/DemoVisualizer/Materials/mat_icon_PlayData.mat using Guid(c2137cb90a424174ca9c1de8d41039d6) Importer(815301076,1909f56bfc062723c751e8b465ee728b)  -> (artifact id: '36b848fd5cbdbf55e38b154cae62c660') in 0.074369 seconds
Number of updated asset objects reloaded before import = 0
Number of asset objects unloaded after import = 2
========================================================================
Received Import Request.
  Time since last request: 0.000027 seconds.
  path: Assets/MRTK/StandardAssets/Fonts/selawksl.ttf
  artifactKey: Guid(0fd94703e1ea496bb9999216ac3ece0d) Importer(815301076,1909f56bfc062723c751e8b465ee728b)
Start importing Assets/MRTK/StandardAssets/Fonts/selawksl.ttf using Guid(0fd94703e1ea496bb9999216ac3ece0d) Importer(815301076,1909f56bfc062723c751e8b465ee728b)  -> (artifact id: 'bff4c7a6c68f2c3a8357a5c2f4c8b8f1') in 0.021022 seconds
Number of updated asset objects reloaded before import = 0
Number of asset objects unloaded after import = 4
========================================================================
Received Import Request.
  Time since last request: 0.000028 seconds.
  path: Assets/MRTK/Examples/Experimental/HandMenuLayout/Materials/HandMenuIcon_3x1.mat
  artifactKey: Guid(5c96e89a2be098b4daa2f326b845abe8) Importer(815301076,1909f56bfc062723c751e8b465ee728b)
Start importing Assets/MRTK/Examples/Experimental/HandMenuLayout/Materials/HandMenuIcon_3x1.mat using Guid(5c96e89a2be098b4daa2f326b845abe8) Importer(815301076,1909f56bfc062723c751e8b465ee728b)  -> (artifact id: '06b6ead66f2622b8d89197d1d4738246') in 0.017621 seconds
Number of updated asset objects reloaded before import = 0
Number of asset objects unloaded after import = 2
========================================================================
Received Import Request.
  Time since last request: 0.000018 seconds.
  path: Assets/MRTK/SDK/Features/UX/Meshes/Cursors/Materials/Light.mat
  artifactKey: Guid(d7c7db2cf580ab94084f0561d16ded07) Importer(815301076,1909f56bfc062723c751e8b465ee728b)
Start importing Assets/MRTK/SDK/Features/UX/Meshes/Cursors/Materials/Light.mat using Guid(d7c7db2cf580ab94084f0561d16ded07) Importer(815301076,1909f56bfc062723c751e8b465ee728b)  -> (artifact id: 'aa0a17e879cf82534174368879fd32eb') in 0.044346 seconds
Number of updated asset objects reloaded before import = 0
Number of asset objects unloaded after import = 1
========================================================================
Received Import Request.
  Time since last request: 0.000017 seconds.
  path: Assets/MRTK/SDK/Features/UX/Interactable/Materials/HolographicButtonIconAdd.mat
  artifactKey: Guid(ccf34f78a6419584fa9cea97b5e46131) Importer(815301076,1909f56bfc062723c751e8b465ee728b)
Start importing Assets/MRTK/SDK/Features/UX/Interactable/Materials/HolographicButtonIconAdd.mat using Guid(ccf34f78a6419584fa9cea97b5e46131) Importer(815301076,1909f56bfc062723c751e8b465ee728b)  -> (artifact id: '8a2055b54c8874476f4cd4d8723e5d6e') in 0.016375 seconds
Number of updated asset objects reloaded before import = 0
Number of asset objects unloaded after import = 2
========================================================================
Received Import Request.
  Time since last request: 0.000018 seconds.
  path: Assets/MRTK/SDK/Features/UX/Interactable/Prefabs/PressableButtonUnityUI.prefab
  artifactKey: Guid(df89e360642c6fc46abbc1c2656856f6) Importer(815301076,1909f56bfc062723c751e8b465ee728b)
Start importing Assets/MRTK/SDK/Features/UX/Interactable/Prefabs/PressableButtonUnityUI.prefab using Guid(df89e360642c6fc46abbc1c2656856f6) Importer(815301076,1909f56bfc062723c751e8b465ee728b)  -> (artifact id: 'a7f0a85048d5a99f5949f26729c9ef9e') in 0.026999 seconds
Number of updated asset objects reloaded before import = 0
Number of asset objects unloaded after import = 45
========================================================================
Received Import Request.
  Time since last request: 0.000028 seconds.
  path: Assets/MRTK/Examples/Common/Prefabs/CoffeeCup.prefab
  artifactKey: Guid(d12fcfca48d5bea4885b7957a82235f8) Importer(815301076,1909f56bfc062723c751e8b465ee728b)
Start importing Assets/MRTK/Examples/Common/Prefabs/CoffeeCup.prefab using Guid(d12fcfca48d5bea4885b7957a82235f8) Importer(815301076,1909f56bfc062723c751e8b465ee728b)  -> (artifact id: 'a1a51782dba19b75c53b4ac00e873b7e') in 0.093461 seconds
Number of updated asset objects reloaded before import = 0
Number of asset objects unloaded after import = 21
========================================================================
Received Import Request.
  Time since last request: 0.000024 seconds.
  path: Assets/MRTK/Examples/StandardAssets/Models/Materials/7.mat
  artifactKey: Guid(0393ac2b971eddd4785463e9f09c243c) Importer(815301076,1909f56bfc062723c751e8b465ee728b)
Start importing Assets/MRTK/Examples/StandardAssets/Models/Materials/7.mat using Guid(0393ac2b971eddd4785463e9f09c243c) Importer(815301076,1909f56bfc062723c751e8b465ee728b)  -> (artifact id: 'bd93207e63557c8499fe050803a63d5a') in 0.018618 seconds
Number of updated asset objects reloaded before import = 0
Number of asset objects unloaded after import = 2
========================================================================
Received Import Request.
  Time since last request: 0.000023 seconds.
  path: Packages/com.unity.xr.arfoundation/Assets/Prefabs/AnchorTransform.prefab
  artifactKey: Guid(779f5eab1277241d6b58ee2c44909b20) Importer(815301076,1909f56bfc062723c751e8b465ee728b)
Start importing Packages/com.unity.xr.arfoundation/Assets/Prefabs/AnchorTransform.prefab using Guid(779f5eab1277241d6b58ee2c44909b20) Importer(815301076,1909f56bfc062723c751e8b465ee728b)  -> (artifact id: 'b3c8f4312507f390250c967a561b4fde') in 0.055006 seconds
Number of updated asset objects reloaded before import = 0
Number of asset objects unloaded after import = 26
========================================================================
Received Import Request.
  Time since last request: 0.000029 seconds.
  path: Assets/MRTK/Examples/Experimental/HandMenuLayout/Materials/HandMenu_AppButton_Backplate_Yellow.mat
  artifactKey: Guid(bde14142822798a4bb84445f490c6b99) Importer(815301076,1909f56bfc062723c751e8b465ee728b)
Start importing Assets/MRTK/Examples/Experimental/HandMenuLayout/Materials/HandMenu_AppButton_Backplate_Yellow.mat using Guid(bde14142822798a4bb84445f490c6b99) Importer(815301076,1909f56bfc062723c751e8b465ee728b)  -> (artifact id: '67ce020f130d1503f903af8ac0af3231') in 0.018073 seconds
Number of updated asset objects reloaded before import = 0
Number of asset objects unloaded after import = 2
========================================================================
Received Import Request.
  Time since last request: 0.000019 seconds.
  path: Assets/MRTK/Examples/Demos/EyeTracking/DemoVisualizer/Materials/mat_icon_heatcircle01.mat
  artifactKey: Guid(5a043cbaaa32552499c291f3263c9d16) Importer(815301076,1909f56bfc062723c751e8b465ee728b)
Start importing Assets/MRTK/Examples/Demos/EyeTracking/DemoVisualizer/Materials/mat_icon_heatcircle01.mat using Guid(5a043cbaaa32552499c291f3263c9d16) Importer(815301076,1909f56bfc062723c751e8b465ee728b)  -> (artifact id: '4038480d6401a69f0b692128d86337a9') in 0.076537 seconds
Number of updated asset objects reloaded before import = 0
Number of asset objects unloaded after import = 2
========================================================================
Received Import Request.
  Time since last request: 0.000025 seconds.
  path: Assets/MRTK/SDK/Features/UX/Interactable/Prefabs/PressableButtonHoloLens2_64x64.prefab
  artifactKey: Guid(8c57f8f1db3a3a046bd9b36d28c2c4bc) Importer(815301076,1909f56bfc062723c751e8b465ee728b)
Start importing Assets/MRTK/SDK/Features/UX/Interactable/Prefabs/PressableButtonHoloLens2_64x64.prefab using Guid(8c57f8f1db3a3a046bd9b36d28c2c4bc) Importer(815301076,1909f56bfc062723c751e8b465ee728b)  -> (artifact id: 'c459a76711a70cbbf25eee2afc675993') in 0.047531 seconds
Number of updated asset objects reloaded before import = 0
Number of asset objects unloaded after import = 262
========================================================================
Received Import Request.
  Time since last request: 0.000031 seconds.
  path: Assets/MRTK/SDK/StandardAssets/Controllers/ControllerRight.prefab
  artifactKey: Guid(e2b0df939d55cdc489073d2560b1f871) Importer(815301076,1909f56bfc062723c751e8b465ee728b)
Start importing Assets/MRTK/SDK/StandardAssets/Controllers/ControllerRight.prefab using Guid(e2b0df939d55cdc489073d2560b1f871) Importer(815301076,1909f56bfc062723c751e8b465ee728b)  -> (artifact id: 'b369ad7aa3bdf3234cd6eaaae2130a28') in 0.295410 seconds
Number of updated asset objects reloaded before import = 0
Number of asset objects unloaded after import = 244
========================================================================
Received Import Request.
  Time since last request: 0.000030 seconds.
  path: Assets/MRTK/SDK/StandardAssets/Models/MRTK_BoundingBox_TranslateHandle.fbx
  artifactKey: Guid(332c8596f773d4c4db31915a9df86221) Importer(815301076,1909f56bfc062723c751e8b465ee728b)
Start importing Assets/MRTK/SDK/StandardAssets/Models/MRTK_BoundingBox_TranslateHandle.fbx using Guid(332c8596f773d4c4db31915a9df86221) Importer(815301076,1909f56bfc062723c751e8b465ee728b)  -> (artifact id: '44191117341a197b90e46ef51208a887') in 0.025026 seconds
Number of updated asset objects reloaded before import = 0
Number of asset objects unloaded after import = 8
========================================================================
Received Import Request.
  Time since last request: 0.000039 seconds.
  path: Assets/MRTK/SDK/Features/UX/Meshes/Cursors/Cursor_Press_geo.fbx
  artifactKey: Guid(caf154e80e62ac7439f2b35a96114c28) Importer(815301076,1909f56bfc062723c751e8b465ee728b)
Start importing Assets/MRTK/SDK/Features/UX/Meshes/Cursors/Cursor_Press_geo.fbx using Guid(caf154e80e62ac7439f2b35a96114c28) Importer(815301076,1909f56bfc062723c751e8b465ee728b)  -> (artifact id: 'c8cdd2b6a784f125c2aae54263961fd8') in 0.056142 seconds
Number of updated asset objects reloaded before import = 0
Number of asset objects unloaded after import = 9
========================================================================
Received Import Request.
  Time since last request: 0.000018 seconds.
  path: Assets/MRTK/Examples/Demos/ScrollingObjectCollection/Prefabs/DynamicScrollPopulator.prefab
  artifactKey: Guid(d609c2ee7846cdc4b9f19927ba7f1bc9) Importer(815301076,1909f56bfc062723c751e8b465ee728b)
Start importing Assets/MRTK/Examples/Demos/ScrollingObjectCollection/Prefabs/DynamicScrollPopulator.prefab using Guid(d609c2ee7846cdc4b9f19927ba7f1bc9) Importer(815301076,1909f56bfc062723c751e8b465ee728b)  -> (artifact id: '54be41009de451597d413fec40a7500a') in 0.054511 seconds
Number of updated asset objects reloaded before import = 0
Number of asset objects unloaded after import = 191
========================================================================
Received Import Request.
  Time since last request: 0.000023 seconds.
  path: Assets/MRTK/Examples/Demos/Input/Scenes/InputData/HandRightGizmo.prefab
  artifactKey: Guid(2b92fd86a81634c4cbf56b52a0a553b9) Importer(815301076,1909f56bfc062723c751e8b465ee728b)
Start importing Assets/MRTK/Examples/Demos/Input/Scenes/InputData/HandRightGizmo.prefab using Guid(2b92fd86a81634c4cbf56b52a0a553b9) Importer(815301076,1909f56bfc062723c751e8b465ee728b)  -> (artifact id: 'e352b028115227435d6ece82c3f79896') in 0.017864 seconds
Number of updated asset objects reloaded before import = 0
Number of asset objects unloaded after import = 17
========================================================================
Received Import Request.
  Time since last request: 0.000025 seconds.
  path: Assets/MRTK/Examples/Experimental/HandMenuLayout/Materials/HandMenu_ToggleDialog_Backplate.mat
  artifactKey: Guid(d651560065342e7428323566471461f3) Importer(815301076,1909f56bfc062723c751e8b465ee728b)
Start importing Assets/MRTK/Examples/Experimental/HandMenuLayout/Materials/HandMenu_ToggleDialog_Backplate.mat using Guid(d651560065342e7428323566471461f3) Importer(815301076,1909f56bfc062723c751e8b465ee728b)  -> (artifact id: '5bea4d3f60a5b9b1376de5beba803e3f') in 0.125829 seconds
Number of updated asset objects reloaded before import = 0
Number of asset objects unloaded after import = 2
========================================================================
Received Import Request.
  Time since last request: 0.000098 seconds.
  path: Assets/MRTK/SDK/Features/UX/Interactable/Prefabs/PressableButtonUnityUICircular.prefab
  artifactKey: Guid(c31734863d3bf254191878828a9e17e6) Importer(815301076,1909f56bfc062723c751e8b465ee728b)
Start importing Assets/MRTK/SDK/Features/UX/Interactable/Prefabs/PressableButtonUnityUICircular.prefab using Guid(c31734863d3bf254191878828a9e17e6) Importer(815301076,1909f56bfc062723c751e8b465ee728b)  -> (artifact id: 'f2eed81ed82da6ac07a0188fcf451188') in 0.018205 seconds
Number of updated asset objects reloaded before import = 0
Number of asset objects unloaded after import = 84
========================================================================
Received Import Request.
  Time since last request: 0.000020 seconds.
  path: Assets/MRTK/Examples/StandardAssets/Materials/ClippingPlane.mat
  artifactKey: Guid(0418f62730b556d4d8b78b61d3f9cd05) Importer(815301076,1909f56bfc062723c751e8b465ee728b)
Start importing Assets/MRTK/Examples/StandardAssets/Materials/ClippingPlane.mat using Guid(0418f62730b556d4d8b78b61d3f9cd05) Importer(815301076,1909f56bfc062723c751e8b465ee728b)  -> (artifact id: '64333f6a3bfd6ae242125d91f2b11131') in 0.059378 seconds
Number of updated asset objects reloaded before import = 0
Number of asset objects unloaded after import = 1
========================================================================
Received Import Request.
  Time since last request: 0.000043 seconds.
  path: Assets/MRTK/Examples/Common/Prefabs/PianoKey.prefab
  artifactKey: Guid(f47f1e79863e27c46904308902d30551) Importer(815301076,1909f56bfc062723c751e8b465ee728b)
Start importing Assets/MRTK/Examples/Common/Prefabs/PianoKey.prefab using Guid(f47f1e79863e27c46904308902d30551) Importer(815301076,1909f56bfc062723c751e8b465ee728b)  -> (artifact id: '44923fcc8a34cea9f9de8b815fae0a0d') in 0.021252 seconds
Number of updated asset objects reloaded before import = 0
Number of asset objects unloaded after import = 18
========================================================================
Received Import Request.
  Time since last request: 0.000021 seconds.
  path: Assets/MRTK/Examples/Demos/UX/Interactables/Prefabs/balloon.prefab
  artifactKey: Guid(0ceaaf28e492a284fbf57901d04075ad) Importer(815301076,1909f56bfc062723c751e8b465ee728b)
Start importing Assets/MRTK/Examples/Demos/UX/Interactables/Prefabs/balloon.prefab using Guid(0ceaaf28e492a284fbf57901d04075ad) Importer(815301076,1909f56bfc062723c751e8b465ee728b)  -> (artifact id: 'e69079584fdd78631bf4eaf076756a90') in 0.023203 seconds
Number of updated asset objects reloaded before import = 0
Number of asset objects unloaded after import = 32
========================================================================
Received Import Request.
  Time since last request: 0.000018 seconds.
  path: Assets/MRTK/SDK/Experimental/ServiceManagers/Input/Prefabs/InputSystem.prefab
  artifactKey: Guid(ed60c8165b67cc04b8fe3805d7afd102) Importer(815301076,1909f56bfc062723c751e8b465ee728b)
Start importing Assets/MRTK/SDK/Experimental/ServiceManagers/Input/Prefabs/InputSystem.prefab using Guid(ed60c8165b67cc04b8fe3805d7afd102) Importer(815301076,1909f56bfc062723c751e8b465ee728b)  -> (artifact id: '268f804374274a782ca39c39bb6bbfba') in 0.215056 seconds
Number of updated asset objects reloaded before import = 0
Number of asset objects unloaded after import = 753
========================================================================
Received Import Request.
  Time since last request: 3.697030 seconds.
  path: Assets/MRTK/Examples/Demos/EyeTracking/DemoVisualizer/Prefabs/RecordButton.prefab
  artifactKey: Guid(231a4253eb1a74d4e87393459447cc95) Importer(815301076,1909f56bfc062723c751e8b465ee728b)
Start importing Assets/MRTK/Examples/Demos/EyeTracking/DemoVisualizer/Prefabs/RecordButton.prefab using Guid(231a4253eb1a74d4e87393459447cc95) Importer(815301076,1909f56bfc062723c751e8b465ee728b)  -> (artifact id: '0e794add7c650f4098919471c519d5e1') in 0.216672 seconds
Number of updated asset objects reloaded before import = 0
Number of asset objects unloaded after import = 105
========================================================================
Received Import Request.
  Time since last request: 0.000017 seconds.
  path: Assets/MRTK/SDK/Features/UX/Prefabs/Tooltips/SpeechConfirmationTooltip.prefab
  artifactKey: Guid(271778f6c957b524981067a81d238394) Importer(815301076,1909f56bfc062723c751e8b465ee728b)
Start importing Assets/MRTK/SDK/Features/UX/Prefabs/Tooltips/SpeechConfirmationTooltip.prefab using Guid(271778f6c957b524981067a81d238394) Importer(815301076,1909f56bfc062723c751e8b465ee728b)  -> (artifact id: 'c003e31851a7897e6e914fa2a5c7967e') in 0.163048 seconds
Number of updated asset objects reloaded before import = 0
Number of asset objects unloaded after import = 120
========================================================================
Received Import Request.
  Time since last request: 0.000026 seconds.
  path: Assets/MRTK/SDK/Features/UX/Prefabs/Pointers/ShellHandRayPointer.prefab
  artifactKey: Guid(d5b94136462644c9873bb3347169ae7e) Importer(815301076,1909f56bfc062723c751e8b465ee728b)
Start importing Assets/MRTK/SDK/Features/UX/Prefabs/Pointers/ShellHandRayPointer.prefab using Guid(d5b94136462644c9873bb3347169ae7e) Importer(815301076,1909f56bfc062723c751e8b465ee728b)  -> (artifact id: '145be44fb3483a5aaf73d43685a7bc2c') in 0.023479 seconds
Number of updated asset objects reloaded before import = 0
Number of asset objects unloaded after import = 181
========================================================================
Received Import Request.
  Time since last request: 0.306128 seconds.
  path: Assets/MRTK/Examples/Demos/EyeTracking/DemoTargetSelections/Prefabs/TargetType (3).prefab
  artifactKey: Guid(8dc211d179882b34996e9bd071b3b61c) Importer(815301076,1909f56bfc062723c751e8b465ee728b)
Start importing Assets/MRTK/Examples/Demos/EyeTracking/DemoTargetSelections/Prefabs/TargetType (3).prefab using Guid(8dc211d179882b34996e9bd071b3b61c) Importer(815301076,1909f56bfc062723c751e8b465ee728b)  -> (artifact id: 'ec6e933fc06aeae06bd6ff8e59f962dc') in 0.095726 seconds
Number of updated asset objects reloaded before import = 0
Number of asset objects unloaded after import = 19
========================================================================
Received Import Request.
  Time since last request: 0.000022 seconds.
  path: Assets/MRTK/SDK/StandardAssets/Prefabs/Text/UITextSelawik.prefab
  artifactKey: Guid(df8fcda444f30864dadb44d21f057e61) Importer(815301076,1909f56bfc062723c751e8b465ee728b)
Start importing Assets/MRTK/SDK/StandardAssets/Prefabs/Text/UITextSelawik.prefab using Guid(df8fcda444f30864dadb44d21f057e61) Importer(815301076,1909f56bfc062723c751e8b465ee728b)  -> (artifact id: '9326f3a5ad6be2571eb61b7c3dfe9f19') in 0.004531 seconds
Number of updated asset objects reloaded before import = 0
Number of asset objects unloaded after import = 14
========================================================================
Received Import Request.
  Time since last request: 0.000030 seconds.
  path: Assets/MRTK/SDK/StandardAssets/Prefabs/Text/UITextSelawikBold.prefab
  artifactKey: Guid(c5337f2ec5db84a468cfc45ab910bef4) Importer(815301076,1909f56bfc062723c751e8b465ee728b)
Start importing Assets/MRTK/SDK/StandardAssets/Prefabs/Text/UITextSelawikBold.prefab using Guid(c5337f2ec5db84a468cfc45ab910bef4) Importer(815301076,1909f56bfc062723c751e8b465ee728b)  -> (artifact id: '9ca4a20563e4a3f2b27f50d72c7a8d74') in 0.003210 seconds
Number of updated asset objects reloaded before import = 0
Number of asset objects unloaded after import = 14
========================================================================
Received Import Request.
  Time since last request: 0.000314 seconds.
  path: Assets/MRTK/Examples/Common/Prefabs/TouchSlider/Prefabs/TouchSlider.prefab
  artifactKey: Guid(405b34842e32594499069ff558f96b82) Importer(815301076,1909f56bfc062723c751e8b465ee728b)
Start importing Assets/MRTK/Examples/Common/Prefabs/TouchSlider/Prefabs/TouchSlider.prefab using Guid(405b34842e32594499069ff558f96b82) Importer(815301076,1909f56bfc062723c751e8b465ee728b)  -> (artifact id: '604b8b7c0bd61748eac5f3c217f5682a') in 0.085941 seconds
Number of updated asset objects reloaded before import = 0
Number of asset objects unloaded after import = 76
Editor requested this worker to shutdown with reason: Scaling down because of idle timeout
TcpMessagingSession - receive error: operation aborted. errorcode: 995, details: The I/O operation has been aborted because of either a thread exit or an application request.
AssetImportWorker is now disconnected from the server
Process exiting
Exiting without the bug reporter. Application will terminate with return code 0