Using pre-set license
Built from '2022.3/staging' branch; Version is '2022.3.23f1 (dbb3f7c5b5c6) revision 14398455'; Using compiler version '192829333'; Build Type 'Release'
OS: 'Windows 11  (10.0.22631) 64bit Core' Language: 'en' Physical Memory: 32412 MB
BatchMode: 1, IsHumanControllingUs: 0, StartBugReporterOnCrash: 0, Is64bit: 1, IsPro: 1

COMMAND LINE ARGUMENTS:
C:\Program Files\Unity\Hub\Editor\2022.3.23f1\Editor\Unity.exe
-adb2
-batchMode
-noUpm
-name
AssetImportWorker7
-projectPath
C:/Users/ReF1N/Hologram_Menu
-logFile
Logs/AssetImportWorker7.log
-srvPort
54761
Successfully changed project path to: C:/Users/ReF1N/Hologram_Menu
C:/Users/ReF1N/Hologram_Menu
[UnityMemory] Configuration Parameters - Can be set up in boot.config
    "memorysetup-bucket-allocator-granularity=16"
    "memorysetup-bucket-allocator-bucket-count=8"
    "memorysetup-bucket-allocator-block-size=33554432"
    "memorysetup-bucket-allocator-block-count=8"
    "memorysetup-main-allocator-block-size=16777216"
    "memorysetup-thread-allocator-block-size=16777216"
    "memorysetup-gfx-main-allocator-block-size=16777216"
    "memorysetup-gfx-thread-allocator-block-size=16777216"
    "memorysetup-cache-allocator-block-size=4194304"
    "memorysetup-typetree-allocator-block-size=2097152"
    "memorysetup-profiler-bucket-allocator-granularity=16"
    "memorysetup-profiler-bucket-allocator-bucket-count=8"
    "memorysetup-profiler-bucket-allocator-block-size=33554432"
    "memorysetup-profiler-bucket-allocator-block-count=8"
    "memorysetup-profiler-allocator-block-size=16777216"
    "memorysetup-profiler-editor-allocator-block-size=1048576"
    "memorysetup-temp-allocator-size-main=16777216"
    "memorysetup-job-temp-allocator-block-size=2097152"
    "memorysetup-job-temp-allocator-block-size-background=1048576"
    "memorysetup-job-temp-allocator-reduction-small-platforms=262144"
    "memorysetup-allocator-temp-initial-block-size-main=262144"
    "memorysetup-allocator-temp-initial-block-size-worker=262144"
    "memorysetup-temp-allocator-size-background-worker=32768"
    "memorysetup-temp-allocator-size-job-worker=262144"
    "memorysetup-temp-allocator-size-preload-manager=33554432"
    "memorysetup-temp-allocator-size-nav-mesh-worker=65536"
    "memorysetup-temp-allocator-size-audio-worker=65536"
    "memorysetup-temp-allocator-size-cloud-worker=32768"
    "memorysetup-temp-allocator-size-gi-baking-worker=262144"
    "memorysetup-temp-allocator-size-gfx=262144"
Player connection [18392] Host "[IP] 10.233.14.68 [Port] 0 [Flags] 2 [Guid] 2536274460 [EditorId] 2536274460 [Version] 1048832 [Id] WindowsEditor(7,Blade16) [Debug] 1 [PackageName] WindowsEditor [ProjectName] Editor" joined multi-casting on [225.0.0.222:54997]...

Player connection [18392] Host "[IP] 10.233.14.68 [Port] 0 [Flags] 2 [Guid] 2536274460 [EditorId] 2536274460 [Version] 1048832 [Id] WindowsEditor(7,Blade16) [Debug] 1 [PackageName] WindowsEditor [ProjectName] Editor" joined alternative multi-casting on [225.0.0.222:34997]...

[Physics::Module] Initialized MultithreadedJobDispatcher with 31 workers.
Refreshing native plugins compatible for Editor in 31.67 ms, found 15 plugins.
Preloading 0 native plugins for Editor in 0.00 ms.
Initialize engine version: 2022.3.23f1 (dbb3f7c5b5c6)
[Subsystems] Discovering subsystems at path C:/Program Files/Unity/Hub/Editor/2022.3.23f1/Editor/Data/Resources/UnitySubsystems
[Subsystems] Discovering subsystems at path C:/Users/ReF1N/Hologram_Menu/Assets
GfxDevice: creating device client; threaded=0; jobified=0
Direct3D:
    Version:  Direct3D 11.0 [level 11.1]
    Renderer: NVIDIA GeForce RTX 4090 Laptop GPU (ID=0x2757)
    Vendor:   NVIDIA
    VRAM:     16050 MB
    Driver:   31.0.15.5222
Initialize mono
Mono path[0] = 'C:/Program Files/Unity/Hub/Editor/2022.3.23f1/Editor/Data/Managed'
Mono path[1] = 'C:/Program Files/Unity/Hub/Editor/2022.3.23f1/Editor/Data/MonoBleedingEdge/lib/mono/unityjit-win32'
Mono config path = 'C:/Program Files/Unity/Hub/Editor/2022.3.23f1/Editor/Data/MonoBleedingEdge/etc'
Using monoOptions --debugger-agent=transport=dt_socket,embedding=1,server=y,suspend=n,address=127.0.0.1:56376
Begin MonoManager ReloadAssembly
Registering precompiled unity dll's ...
Register platform support module: C:/Program Files/Unity/Hub/Editor/2022.3.23f1/Editor/Data/PlaybackEngines/WindowsStandaloneSupport/UnityEditor.WindowsStandalone.Extensions.dll
Register platform support module: C:/Program Files/Unity/Hub/Editor/2022.3.23f1/Editor/Data/PlaybackEngines/MetroSupport/UnityEditor.UWP.Extensions.dll
Registered in 0.014134 seconds.
- Loaded All Assemblies, in  0.436 seconds
Native extension for UWP target not found
Native extension for WindowsStandalone target not found
Mono: successfully reloaded assembly
- Finished resetting the current domain, in  0.312 seconds
Domain Reload Profiling: 747ms
	BeginReloadAssembly (134ms)
		ExecutionOrderSort (0ms)
		DisableScriptedObjects (0ms)
		BackupInstance (0ms)
		ReleaseScriptingObjects (0ms)
		CreateAndSetChildDomain (1ms)
	RebuildCommonClasses (38ms)
	RebuildNativeTypeToScriptingClass (17ms)
	initialDomainReloadingComplete (81ms)
	LoadAllAssembliesAndSetupDomain (164ms)
		LoadAssemblies (131ms)
		RebuildTransferFunctionScriptingTraits (0ms)
		AnalyzeDomain (162ms)
			TypeCache.Refresh (160ms)
				TypeCache.ScanAssembly (147ms)
			ScanForSourceGeneratedMonoScriptInfo (0ms)
			ResolveRequiredComponents (0ms)
	FinalizeReload (313ms)
		ReleaseScriptCaches (0ms)
		RebuildScriptCaches (0ms)
		SetupLoadedEditorAssemblies (242ms)
			LogAssemblyErrors (0ms)
			InitializePlatformSupportModulesInManaged (10ms)
			SetLoadedEditorAssemblies (6ms)
			RefreshPlugins (0ms)
			BeforeProcessingInitializeOnLoad (2ms)
			ProcessInitializeOnLoadAttributes (158ms)
			ProcessInitializeOnLoadMethodAttributes (65ms)
			AfterProcessingInitializeOnLoad (0ms)
			EditorAssembliesLoaded (0ms)
		ExecutionOrderSort2 (0ms)
		AwakeInstancesAfterBackupRestoration (0ms)
========================================================================
Worker process is ready to serve import requests
Begin MonoManager ReloadAssembly
- Loaded All Assemblies, in  0.950 seconds
Refreshing native plugins compatible for Editor in 23.85 ms, found 15 plugins.
Native extension for UWP target not found
Native extension for WindowsStandalone target not found
Package Manager log level set to [2]
[Package Manager] Server::EnsureServerProcessIsRunning -- launch failed, reason: Unity was launched with the -noUpm command-line argument
[Package Manager] UpmClient::Send -- Unable to send message (not connected to UPM process).
[Package Manager] Cannot connect to Unity Package Manager local server
[Package Manager] Server::EnsureServerProcessIsRunning -- launch failed, reason: Unity was launched with the -noUpm command-line argument
[Package Manager] UpmClient::Send -- Unable to send message (not connected to UPM process).
[Package Manager] Cannot connect to Unity Package Manager local server
Mono: successfully reloaded assembly
[Package Manager] Server::EnsureServerProcessIsRunning -- launch failed, reason: Unity was launched with the -noUpm command-line argument
[Package Manager] UpmClient::Send -- Unable to send message (not connected to UPM process).
[Package Manager] Cannot connect to Unity Package Manager local server
[Package Manager] Server::EnsureServerProcessIsRunning -- launch failed, reason: Unity was launched with the -noUpm command-line argument
[Package Manager] UpmClient::Send -- Unable to send message (not connected to UPM process).
[Package Manager] Cannot connect to Unity Package Manager local server
- Finished resetting the current domain, in  1.271 seconds
Domain Reload Profiling: 2217ms
	BeginReloadAssembly (179ms)
		ExecutionOrderSort (0ms)
		DisableScriptedObjects (8ms)
		BackupInstance (0ms)
		ReleaseScriptingObjects (0ms)
		CreateAndSetChildDomain (25ms)
	RebuildCommonClasses (40ms)
	RebuildNativeTypeToScriptingClass (10ms)
	initialDomainReloadingComplete (54ms)
	LoadAllAssembliesAndSetupDomain (663ms)
		LoadAssemblies (422ms)
		RebuildTransferFunctionScriptingTraits (0ms)
		AnalyzeDomain (337ms)
			TypeCache.Refresh (276ms)
				TypeCache.ScanAssembly (247ms)
			ScanForSourceGeneratedMonoScriptInfo (41ms)
			ResolveRequiredComponents (17ms)
	FinalizeReload (1272ms)
		ReleaseScriptCaches (0ms)
		RebuildScriptCaches (0ms)
		SetupLoadedEditorAssemblies (1012ms)
			LogAssemblyErrors (0ms)
			InitializePlatformSupportModulesInManaged (11ms)
			SetLoadedEditorAssemblies (8ms)
			RefreshPlugins (0ms)
			BeforeProcessingInitializeOnLoad (137ms)
			ProcessInitializeOnLoadAttributes (781ms)
			ProcessInitializeOnLoadMethodAttributes (69ms)
			AfterProcessingInitializeOnLoad (6ms)
			EditorAssembliesLoaded (0ms)
		ExecutionOrderSort2 (0ms)
		AwakeInstancesAfterBackupRestoration (6ms)
Launched and connected shader compiler UnityShaderCompiler.exe after 0.06 seconds
Refreshing native plugins compatible for Editor in 26.36 ms, found 15 plugins.
Preloading 0 native plugins for Editor in 0.00 ms.
Unloading 5964 Unused Serialized files (Serialized files now loaded: 0)
Unloading 91 unused Assets / (1.2 MB). Loaded Objects now: 6431.
Memory consumption went from 200.5 MB to 199.3 MB.
Total: 6.058900 ms (FindLiveObjects: 0.384600 ms CreateObjectMapping: 0.162600 ms MarkObjects: 4.933900 ms  DeleteObjects: 0.576400 ms)

AssetImportParameters requested are different than current active one (requested -> active):
  custom:container-demuxer-ogg: 62fdf1f143b41e24485cea50d1cbac27 -> 
  custom:video-codec-MediaFoundation-h265: 746d11721c4dcdbdad8f713fa42b33f4 -> 
  custom:video-decoder-ogg-theora: a1e56fd34408186e4bbccfd4996cb3dc -> 
  custom:framework-win-MediaFoundation: 216162199b28c13a410421893ffa2e32 -> 
  custom:CustomObjectIndexerAttribute: 9a22284fe3817be447336de3de66b15e -> 
  custom:container-demuxer-webm: 4f35f7cbe854078d1ac9338744f61a02 -> 
  custom:container-muxer-webm: aa71ff27fc2769a1b78a27578f13a17b -> 
  custom:video-decoder-webm-vp8: 9c59270c3fd7afecdb556c50c9e8de78 -> 
  custom:SearchIndexIgnoredProperties: e643bd26f0fe6173181afceb89e7c659 -> 
  custom:AudioImporter_EditorPlatform: d09bf68614088b80899f8185d706f6e7 -> 
  custom:video-encoder-webm-vp8: eb34c28f22e8b96e1ab97ce403110664 -> 
  custom:audio-decoder-ogg-vorbis: bf7c407c2cedff20999df2af8eb42d56 -> 
  custom:audio-encoder-webm-vorbis: bf7c407c2cedff20999df2af8eb42d56 -> 
========================================================================
Received Import Request.
  Time since last request: 271841.812075 seconds.
  path: Assets/MRTK/SDK/Features/UX/Interactable/Materials/HolographicButtonContentCageProximityUnityUI.mat
  artifactKey: Guid(576d8c5677ec60c459961421ebe64e99) Importer(815301076,1909f56bfc062723c751e8b465ee728b)
Start importing Assets/MRTK/SDK/Features/UX/Interactable/Materials/HolographicButtonContentCageProximityUnityUI.mat using Guid(576d8c5677ec60c459961421ebe64e99) Importer(815301076,1909f56bfc062723c751e8b465ee728b)  -> (artifact id: '617e15ccdd284cb2e9775cb76d4e07ee') in 0.345767 seconds
Number of updated asset objects reloaded before import = 0
Number of asset objects unloaded after import = 1
========================================================================
Received Import Request.
  Time since last request: 0.000045 seconds.
  path: Assets/MRTK/SDK/Features/UX/Interactable/Materials/HolographicButtonIconFontMaterial.mat
  artifactKey: Guid(fa419ab56051229449e3b813df8f295f) Importer(815301076,1909f56bfc062723c751e8b465ee728b)
Start importing Assets/MRTK/SDK/Features/UX/Interactable/Materials/HolographicButtonIconFontMaterial.mat using Guid(fa419ab56051229449e3b813df8f295f) Importer(815301076,1909f56bfc062723c751e8b465ee728b)  -> (artifact id: '5702754bcf7af61b6515954581523742') in 0.039287 seconds
Number of updated asset objects reloaded before import = 0
Number of asset objects unloaded after import = 2
========================================================================
Received Import Request.
  Time since last request: 0.000023 seconds.
  path: Assets/MRTK/SDK/Features/UX/Interactable/Materials/ColorButton.mat
  artifactKey: Guid(745567f5ce7a31346bc19e4f940b9203) Importer(815301076,1909f56bfc062723c751e8b465ee728b)
Start importing Assets/MRTK/SDK/Features/UX/Interactable/Materials/ColorButton.mat using Guid(745567f5ce7a31346bc19e4f940b9203) Importer(815301076,1909f56bfc062723c751e8b465ee728b)  -> (artifact id: '9885b5e9ddd9ff19b6d358f9df43e181') in 0.088388 seconds
Number of updated asset objects reloaded before import = 0
Number of asset objects unloaded after import = 1
========================================================================
Received Import Request.
  Time since last request: 0.000035 seconds.
  path: Assets/MRTK/SDK/Experimental/InteractiveElement/Prefabs/CompressableButton.prefab
  artifactKey: Guid(445915dc8698413468747c2fb539f935) Importer(815301076,1909f56bfc062723c751e8b465ee728b)
Start importing Assets/MRTK/SDK/Experimental/InteractiveElement/Prefabs/CompressableButton.prefab using Guid(445915dc8698413468747c2fb539f935) Importer(815301076,1909f56bfc062723c751e8b465ee728b)  -> (artifact id: 'bdbea81f391d5b0043715af878efee73') in 0.208883 seconds
Number of updated asset objects reloaded before import = 0
Number of asset objects unloaded after import = 90
========================================================================
Received Import Request.
  Time since last request: 0.000023 seconds.
  path: Assets/MRTK/SDK/StandardAssets/Prefabs/ArticulatedHandMesh.prefab
  artifactKey: Guid(a86f479797fea8f4189f924b3b6ad979) Importer(815301076,1909f56bfc062723c751e8b465ee728b)
Start importing Assets/MRTK/SDK/StandardAssets/Prefabs/ArticulatedHandMesh.prefab using Guid(a86f479797fea8f4189f924b3b6ad979) Importer(815301076,1909f56bfc062723c751e8b465ee728b)  -> (artifact id: '881a775036c10294d3df1af2cbc62cff') in 0.249017 seconds
Number of updated asset objects reloaded before import = 0
Number of asset objects unloaded after import = 7
========================================================================
Received Import Request.
  Time since last request: 0.000026 seconds.
  path: Assets/MRTK/SDK/StandardAssets/Prefabs/MRTK_BoundingBox_ScaleHandle_Slate.prefab
  artifactKey: Guid(c45e552a6d92491468c421c35c5dd63d) Importer(815301076,1909f56bfc062723c751e8b465ee728b)
Start importing Assets/MRTK/SDK/StandardAssets/Prefabs/MRTK_BoundingBox_ScaleHandle_Slate.prefab using Guid(c45e552a6d92491468c421c35c5dd63d) Importer(815301076,1909f56bfc062723c751e8b465ee728b)  -> (artifact id: 'ba07ee24ae3f4d6bb4eecedd5f22b520') in 0.257972 seconds
Number of updated asset objects reloaded before import = 0
Number of asset objects unloaded after import = 13
========================================================================
Received Import Request.
  Time since last request: 0.000018 seconds.
  path: Assets/MRTK/SDK/Features/UX/Interactable/Prefabs/PressableButtonHoloLens2_48x48.prefab
  artifactKey: Guid(36ff76a9e7929f342915274725573e00) Importer(815301076,1909f56bfc062723c751e8b465ee728b)
Start importing Assets/MRTK/SDK/Features/UX/Interactable/Prefabs/PressableButtonHoloLens2_48x48.prefab using Guid(36ff76a9e7929f342915274725573e00) Importer(815301076,1909f56bfc062723c751e8b465ee728b)  -> (artifact id: '618ebb8ddf28457d1e712714b442a69a') in 0.088744 seconds
Number of updated asset objects reloaded before import = 0
Number of asset objects unloaded after import = 262
========================================================================
Received Import Request.
  Time since last request: 0.000024 seconds.
  path: Assets/MRTK/Examples/Demos/EyeTracking/General/Materials/mat_dwellfeedback_main.mat
  artifactKey: Guid(70d25c24ecbc5214fa1b650a45678208) Importer(815301076,1909f56bfc062723c751e8b465ee728b)
Start importing Assets/MRTK/Examples/Demos/EyeTracking/General/Materials/mat_dwellfeedback_main.mat using Guid(70d25c24ecbc5214fa1b650a45678208) Importer(815301076,1909f56bfc062723c751e8b465ee728b)  -> (artifact id: 'bda6f549fa5e971d343420ff17e91e61') in 0.080180 seconds
Number of updated asset objects reloaded before import = 0
Number of asset objects unloaded after import = 2
========================================================================
Received Import Request.
  Time since last request: 0.000023 seconds.
  path: Assets/MRTK/SDK/StandardAssets/Models/MRTK_BoundingBox_ScaleHandle_Slate.fbx
  artifactKey: Guid(a6473ac7ac982fb488db53a454bf0a3c) Importer(815301076,1909f56bfc062723c751e8b465ee728b)
Start importing Assets/MRTK/SDK/StandardAssets/Models/MRTK_BoundingBox_ScaleHandle_Slate.fbx using Guid(a6473ac7ac982fb488db53a454bf0a3c) Importer(815301076,1909f56bfc062723c751e8b465ee728b)  -> (artifact id: '5b5dcea57a4bc7055a5e06bf41781b16') in 0.041516 seconds
Number of updated asset objects reloaded before import = 0
Number of asset objects unloaded after import = 8
========================================================================
Received Import Request.
  Time since last request: 0.000025 seconds.
  path: Assets/MRTK/Examples/StandardAssets/Materials/HumanHeart.mat
  artifactKey: Guid(9b1da455cc08b8248b58ea75e1ab5427) Importer(815301076,1909f56bfc062723c751e8b465ee728b)
Start importing Assets/MRTK/Examples/StandardAssets/Materials/HumanHeart.mat using Guid(9b1da455cc08b8248b58ea75e1ab5427) Importer(815301076,1909f56bfc062723c751e8b465ee728b)  -> (artifact id: '7f90ec8f43db5976fe6b24f5965036ee') in 0.098916 seconds
Number of updated asset objects reloaded before import = 0
Number of asset objects unloaded after import = 2
========================================================================
Received Import Request.
  Time since last request: 0.000142 seconds.
  path: Assets/MRTK/Examples/Demos/EyeTracking/DemoVisualizer/Materials/mat_icon_StartRecording.mat
  artifactKey: Guid(92bad396bc02afa4fa467aef94cf7513) Importer(815301076,1909f56bfc062723c751e8b465ee728b)
Start importing Assets/MRTK/Examples/Demos/EyeTracking/DemoVisualizer/Materials/mat_icon_StartRecording.mat using Guid(92bad396bc02afa4fa467aef94cf7513) Importer(815301076,1909f56bfc062723c751e8b465ee728b)  -> (artifact id: 'b36d91bf0a45a06842c996e0ebd905e3') in 0.085963 seconds
Number of updated asset objects reloaded before import = 0
Number of asset objects unloaded after import = 2
========================================================================
Received Import Request.
  Time since last request: 0.000017 seconds.
  path: Assets/MRTK/Examples/Demos/EyeTracking/DemoTargetPositioning/Prefabs/EyeTrackingDemoSliderHorizontal.prefab
  artifactKey: Guid(71b8b2acb3a8f344abf91c2b102b0d74) Importer(815301076,1909f56bfc062723c751e8b465ee728b)
Start importing Assets/MRTK/Examples/Demos/EyeTracking/DemoTargetPositioning/Prefabs/EyeTrackingDemoSliderHorizontal.prefab using Guid(71b8b2acb3a8f344abf91c2b102b0d74) Importer(815301076,1909f56bfc062723c751e8b465ee728b)  -> (artifact id: '787235f64497952f4a647deaa38f5c3d') in 0.385646 seconds
Number of updated asset objects reloaded before import = 0
Number of asset objects unloaded after import = 115
========================================================================
Received Import Request.
  Time since last request: 0.000021 seconds.
  path: Assets/TextMesh Pro/Fonts/LiberationSans.ttf
  artifactKey: Guid(e3265ab4bf004d28a9537516768c1c75) Importer(815301076,1909f56bfc062723c751e8b465ee728b)
Start importing Assets/TextMesh Pro/Fonts/LiberationSans.ttf using Guid(e3265ab4bf004d28a9537516768c1c75) Importer(815301076,1909f56bfc062723c751e8b465ee728b)  -> (artifact id: '0ed12afc30dbf5d015dacb0819d247d4') in 0.037509 seconds
Number of updated asset objects reloaded before import = 0
Number of asset objects unloaded after import = 4
========================================================================
Received Import Request.
  Time since last request: 0.000041 seconds.
  path: Assets/MRTK/SDK/Features/UX/Interactable/Materials/Ground.mat
  artifactKey: Guid(1fac60a6b183d204dbe2c379128ad367) Importer(815301076,1909f56bfc062723c751e8b465ee728b)
Start importing Assets/MRTK/SDK/Features/UX/Interactable/Materials/Ground.mat using Guid(1fac60a6b183d204dbe2c379128ad367) Importer(815301076,1909f56bfc062723c751e8b465ee728b)  -> (artifact id: '2abcdd8ef76e053ac9a5528dceb8805a') in 0.083707 seconds
Number of updated asset objects reloaded before import = 0
Number of asset objects unloaded after import = 1
========================================================================
Received Import Request.
  Time since last request: 0.000056 seconds.
  path: Assets/MRTK/SDK/Features/UX/Interactable/Materials/HolographicBackPlateGrabbable.mat
  artifactKey: Guid(b422ff31060379342bb34bf8c22239e6) Importer(815301076,1909f56bfc062723c751e8b465ee728b)
Start importing Assets/MRTK/SDK/Features/UX/Interactable/Materials/HolographicBackPlateGrabbable.mat using Guid(b422ff31060379342bb34bf8c22239e6) Importer(815301076,1909f56bfc062723c751e8b465ee728b)  -> (artifact id: 'c4de2791598c06fee93e4b4f2555f5b7') in 0.164819 seconds
Number of updated asset objects reloaded before import = 0
Number of asset objects unloaded after import = 2
========================================================================
Received Import Request.
  Time since last request: 0.000023 seconds.
  path: Assets/MRTK/Examples/Demos/EyeTracking/General/Prefabs/MixedRealityBasicSceneSetup.prefab
  artifactKey: Guid(d9db4fe4b37b2024ea85c888f8d74e12) Importer(815301076,1909f56bfc062723c751e8b465ee728b)
Start importing Assets/MRTK/Examples/Demos/EyeTracking/General/Prefabs/MixedRealityBasicSceneSetup.prefab using Guid(d9db4fe4b37b2024ea85c888f8d74e12) Importer(815301076,1909f56bfc062723c751e8b465ee728b)  -> (artifact id: '3be3ed1e7742567aabbef878e7072ffc') in 0.003957 seconds
Number of updated asset objects reloaded before import = 0
Number of asset objects unloaded after import = 25
========================================================================
Received Import Request.
  Time since last request: 0.000027 seconds.
  path: Assets/MRTK/SDK/Experimental/Joystick/JoystickPrefab.prefab
  artifactKey: Guid(8bdd451919f46a94ba6d151b6d0cdffd) Importer(815301076,1909f56bfc062723c751e8b465ee728b)
Start importing Assets/MRTK/SDK/Experimental/Joystick/JoystickPrefab.prefab using Guid(8bdd451919f46a94ba6d151b6d0cdffd) Importer(815301076,1909f56bfc062723c751e8b465ee728b)  -> (artifact id: 'e3e309a93047c700c97f09077d908188') in 0.298110 seconds
Number of updated asset objects reloaded before import = 0
Number of asset objects unloaded after import = 53
========================================================================
Received Import Request.
  Time since last request: 0.000032 seconds.
  path: Assets/MRTK/Examples/Demos/EyeTracking/General/Prefabs/EyeCalibrationChecker.prefab
  artifactKey: Guid(d7a95106a0331134db596f593a2d20e4) Importer(815301076,1909f56bfc062723c751e8b465ee728b)
Start importing Assets/MRTK/Examples/Demos/EyeTracking/General/Prefabs/EyeCalibrationChecker.prefab using Guid(d7a95106a0331134db596f593a2d20e4) Importer(815301076,1909f56bfc062723c751e8b465ee728b)  -> (artifact id: '265362a4d97fe0e9b1803a6a603b7574') in 0.028244 seconds
Number of updated asset objects reloaded before import = 0
Number of asset objects unloaded after import = 100
========================================================================
Received Import Request.
  Time since last request: 0.000044 seconds.
  path: Assets/MRTK/SDK/Features/UX/Interactable/Prefabs/PressableButtonHoloLens2_NoLabel.prefab
  artifactKey: Guid(b20573eb9bf8a914882fa4a571d2e8dc) Importer(815301076,1909f56bfc062723c751e8b465ee728b)
Start importing Assets/MRTK/SDK/Features/UX/Interactable/Prefabs/PressableButtonHoloLens2_NoLabel.prefab using Guid(b20573eb9bf8a914882fa4a571d2e8dc) Importer(815301076,1909f56bfc062723c751e8b465ee728b)  -> (artifact id: 'a0a8a82eb0d68ccb3432e4f6cdd88a92') in 0.050381 seconds
Number of updated asset objects reloaded before import = 0
Number of asset objects unloaded after import = 87
========================================================================
Received Import Request.
  Time since last request: 0.000028 seconds.
  path: Assets/MRTK/SDK/Features/UX/Interactable/Materials/HolographicButtonIconSettings.mat
  artifactKey: Guid(5a9ff3bf27bd2f14eb87222e2d2761b8) Importer(815301076,1909f56bfc062723c751e8b465ee728b)
Start importing Assets/MRTK/SDK/Features/UX/Interactable/Materials/HolographicButtonIconSettings.mat using Guid(5a9ff3bf27bd2f14eb87222e2d2761b8) Importer(815301076,1909f56bfc062723c751e8b465ee728b)  -> (artifact id: 'e4fc887446405b3366589ad3e33e2f2a') in 0.050103 seconds
Number of updated asset objects reloaded before import = 0
Number of asset objects unloaded after import = 2
========================================================================
Received Import Request.
  Time since last request: 0.000019 seconds.
  path: Assets/MRTK/SDK/Experimental/MixedRealityKeyboardPreview/Prefabs/MixedRealityKeyboardPreview.prefab
  artifactKey: Guid(3a1a906d65a695048aa9dcd5216dbecd) Importer(815301076,1909f56bfc062723c751e8b465ee728b)
Start importing Assets/MRTK/SDK/Experimental/MixedRealityKeyboardPreview/Prefabs/MixedRealityKeyboardPreview.prefab using Guid(3a1a906d65a695048aa9dcd5216dbecd) Importer(815301076,1909f56bfc062723c751e8b465ee728b)  -> (artifact id: '58c809d1b9506700b9f150e523d42767') in 0.418121 seconds
Number of updated asset objects reloaded before import = 0
Number of asset objects unloaded after import = 370
========================================================================
Received Import Request.
  Time since last request: 0.000044 seconds.
  path: Assets/MRTK/SDK/Features/UX/Interactable/Prefabs/CheckBox.prefab
  artifactKey: Guid(6f89876ff9050224f949c0490969219d) Importer(815301076,1909f56bfc062723c751e8b465ee728b)
Start importing Assets/MRTK/SDK/Features/UX/Interactable/Prefabs/CheckBox.prefab using Guid(6f89876ff9050224f949c0490969219d) Importer(815301076,1909f56bfc062723c751e8b465ee728b)  -> (artifact id: '71501d794867cdb8b83f1408b5b409e0') in 0.041352 seconds
Number of updated asset objects reloaded before import = 0
Number of asset objects unloaded after import = 71
========================================================================
Received Import Request.
  Time since last request: 0.000032 seconds.
  path: Assets/MRTK/SDK/Features/UX/Interactable/Materials/HolographicBackPlateGrabbableProximity.mat
  artifactKey: Guid(7bb46fe0291383e41b1cd86f2a9b2479) Importer(815301076,1909f56bfc062723c751e8b465ee728b)
Start importing Assets/MRTK/SDK/Features/UX/Interactable/Materials/HolographicBackPlateGrabbableProximity.mat using Guid(7bb46fe0291383e41b1cd86f2a9b2479) Importer(815301076,1909f56bfc062723c751e8b465ee728b)  -> (artifact id: '5fd64d1f40c5082eed43b0c6e6540814') in 0.174636 seconds
Number of updated asset objects reloaded before import = 0
Number of asset objects unloaded after import = 2
========================================================================
Received Import Request.
  Time since last request: 0.000019 seconds.
  path: Assets/MRTK/Examples/Demos/Input/Scenes/PointerResult/Post-it.prefab
  artifactKey: Guid(1ee5e0ce73a0dd34baa2c1e6ec447d40) Importer(815301076,1909f56bfc062723c751e8b465ee728b)
Start importing Assets/MRTK/Examples/Demos/Input/Scenes/PointerResult/Post-it.prefab using Guid(1ee5e0ce73a0dd34baa2c1e6ec447d40) Importer(815301076,1909f56bfc062723c751e8b465ee728b)  -> (artifact id: '71ea2d0967b9d051cdf77f29fc5ed564') in 0.072336 seconds
Number of updated asset objects reloaded before import = 0
Number of asset objects unloaded after import = 8
========================================================================
Received Import Request.
  Time since last request: 0.000027 seconds.
  path: Assets/MRTK/SDK/Features/UX/Interactable/Materials/ButtonBackground.mat
  artifactKey: Guid(136544d5b4710a948b76a024a29c5b84) Importer(815301076,1909f56bfc062723c751e8b465ee728b)
Start importing Assets/MRTK/SDK/Features/UX/Interactable/Materials/ButtonBackground.mat using Guid(136544d5b4710a948b76a024a29c5b84) Importer(815301076,1909f56bfc062723c751e8b465ee728b)  -> (artifact id: '5e8fd35d63d93f6359aa4e7f046f4882') in 0.017301 seconds
Number of updated asset objects reloaded before import = 0
Number of asset objects unloaded after import = 1
========================================================================
Received Import Request.
  Time since last request: 3.830818 seconds.
  path: Assets/MRTK/Examples/StandardAssets/Prefabs/SceneDescriptionPanel.prefab
  artifactKey: Guid(a900c08743a94c328074df8bbe3eb63c) Importer(815301076,1909f56bfc062723c751e8b465ee728b)
Start importing Assets/MRTK/Examples/StandardAssets/Prefabs/SceneDescriptionPanel.prefab using Guid(a900c08743a94c328074df8bbe3eb63c) Importer(815301076,1909f56bfc062723c751e8b465ee728b)  -> (artifact id: '2eb6ba389eb03e2bed74de97a4b92365') in 0.207900 seconds
Number of updated asset objects reloaded before import = 0
Number of asset objects unloaded after import = 70
========================================================================
Received Import Request.
  Time since last request: 0.000032 seconds.
  path: Assets/MRTK/Examples/Demos/EyeTracking/DemoTargetSelections/Prefabs/TargetType (1).prefab
  artifactKey: Guid(3bb48a5d259f580489a88ae17131acce) Importer(815301076,1909f56bfc062723c751e8b465ee728b)
Start importing Assets/MRTK/Examples/Demos/EyeTracking/DemoTargetSelections/Prefabs/TargetType (1).prefab using Guid(3bb48a5d259f580489a88ae17131acce) Importer(815301076,1909f56bfc062723c751e8b465ee728b)  -> (artifact id: '9db4b083355084dff080e5903873d664') in 0.156353 seconds
Number of updated asset objects reloaded before import = 0
Number of asset objects unloaded after import = 19
========================================================================
Received Import Request.
  Time since last request: 0.000027 seconds.
  path: Assets/MRTK/SDK/Experimental/ServiceManagers/SpatialAwareness/Prefabs/SpatialAwarenessSystem.prefab
  artifactKey: Guid(92b342c669443da489d4a8366036d7c2) Importer(815301076,1909f56bfc062723c751e8b465ee728b)
Start importing Assets/MRTK/SDK/Experimental/ServiceManagers/SpatialAwareness/Prefabs/SpatialAwarenessSystem.prefab using Guid(92b342c669443da489d4a8366036d7c2) Importer(815301076,1909f56bfc062723c751e8b465ee728b)  -> (artifact id: '532bf0ebd452785087474e9acf7fb9d8') in 0.008511 seconds
Number of updated asset objects reloaded before import = 0
Number of asset objects unloaded after import = 9
========================================================================
Received Import Request.
  Time since last request: 0.331772 seconds.
  path: Assets/MRTK/SDK/Features/UX/Prefabs/Panels/ToggleFeaturesPanel.prefab
  artifactKey: Guid(c0931c4da6d91ea429abedb10290dd16) Importer(815301076,1909f56bfc062723c751e8b465ee728b)
Start importing Assets/MRTK/SDK/Features/UX/Prefabs/Panels/ToggleFeaturesPanel.prefab using Guid(c0931c4da6d91ea429abedb10290dd16) Importer(815301076,1909f56bfc062723c751e8b465ee728b)  -> (artifact id: 'ee3ecacdd62b27ee78abb599e4fc55b5') in 0.127945 seconds
Number of updated asset objects reloaded before import = 0
Number of asset objects unloaded after import = 759
Editor requested this worker to shutdown with reason: Scaling down because of idle timeout
TcpMessagingSession - receive error: operation aborted. errorcode: 995, details: The I/O operation has been aborted because of either a thread exit or an application request.
AssetImportWorker is now disconnected from the server
Process exiting
Exiting without the bug reporter. Application will terminate with return code 0