Using pre-set license
Built from '2022.3/staging' branch; Version is '2022.3.23f1 (dbb3f7c5b5c6) revision 14398455'; Using compiler version '192829333'; Build Type 'Release'
OS: 'Windows 11  (10.0.22631) 64bit Core' Language: 'en' Physical Memory: 32412 MB
BatchMode: 1, IsHumanControllingUs: 0, StartBugReporterOnCrash: 0, Is64bit: 1, IsPro: 1

COMMAND LINE ARGUMENTS:
C:\Program Files\Unity\Hub\Editor\2022.3.23f1\Editor\Unity.exe
-adb2
-batchMode
-noUpm
-name
AssetImportWorker5
-projectPath
C:/Users/ReF1N/Hologram_Menu
-logFile
Logs/AssetImportWorker5.log
-srvPort
54761
Successfully changed project path to: C:/Users/ReF1N/Hologram_Menu
C:/Users/ReF1N/Hologram_Menu
[UnityMemory] Configuration Parameters - Can be set up in boot.config
    "memorysetup-bucket-allocator-granularity=16"
    "memorysetup-bucket-allocator-bucket-count=8"
    "memorysetup-bucket-allocator-block-size=33554432"
    "memorysetup-bucket-allocator-block-count=8"
    "memorysetup-main-allocator-block-size=16777216"
    "memorysetup-thread-allocator-block-size=16777216"
    "memorysetup-gfx-main-allocator-block-size=16777216"
    "memorysetup-gfx-thread-allocator-block-size=16777216"
    "memorysetup-cache-allocator-block-size=4194304"
    "memorysetup-typetree-allocator-block-size=2097152"
    "memorysetup-profiler-bucket-allocator-granularity=16"
    "memorysetup-profiler-bucket-allocator-bucket-count=8"
    "memorysetup-profiler-bucket-allocator-block-size=33554432"
    "memorysetup-profiler-bucket-allocator-block-count=8"
    "memorysetup-profiler-allocator-block-size=16777216"
    "memorysetup-profiler-editor-allocator-block-size=1048576"
    "memorysetup-temp-allocator-size-main=16777216"
    "memorysetup-job-temp-allocator-block-size=2097152"
    "memorysetup-job-temp-allocator-block-size-background=1048576"
    "memorysetup-job-temp-allocator-reduction-small-platforms=262144"
    "memorysetup-allocator-temp-initial-block-size-main=262144"
    "memorysetup-allocator-temp-initial-block-size-worker=262144"
    "memorysetup-temp-allocator-size-background-worker=32768"
    "memorysetup-temp-allocator-size-job-worker=262144"
    "memorysetup-temp-allocator-size-preload-manager=33554432"
    "memorysetup-temp-allocator-size-nav-mesh-worker=65536"
    "memorysetup-temp-allocator-size-audio-worker=65536"
    "memorysetup-temp-allocator-size-cloud-worker=32768"
    "memorysetup-temp-allocator-size-gi-baking-worker=262144"
    "memorysetup-temp-allocator-size-gfx=262144"
Player connection [40908] Host "[IP] 10.233.14.68 [Port] 0 [Flags] 2 [Guid] 906631700 [EditorId] 906631700 [Version] 1048832 [Id] WindowsEditor(7,Blade16) [Debug] 1 [PackageName] WindowsEditor [ProjectName] Editor" joined multi-casting on [225.0.0.222:54997]...

Player connection [40908] Host "[IP] 10.233.14.68 [Port] 0 [Flags] 2 [Guid] 906631700 [EditorId] 906631700 [Version] 1048832 [Id] WindowsEditor(7,Blade16) [Debug] 1 [PackageName] WindowsEditor [ProjectName] Editor" joined alternative multi-casting on [225.0.0.222:34997]...

[Physics::Module] Initialized MultithreadedJobDispatcher with 31 workers.
Refreshing native plugins compatible for Editor in 25.26 ms, found 15 plugins.
Preloading 0 native plugins for Editor in 0.00 ms.
Initialize engine version: 2022.3.23f1 (dbb3f7c5b5c6)
[Subsystems] Discovering subsystems at path C:/Program Files/Unity/Hub/Editor/2022.3.23f1/Editor/Data/Resources/UnitySubsystems
[Subsystems] Discovering subsystems at path C:/Users/ReF1N/Hologram_Menu/Assets
GfxDevice: creating device client; threaded=0; jobified=0
Direct3D:
    Version:  Direct3D 11.0 [level 11.1]
    Renderer: NVIDIA GeForce RTX 4090 Laptop GPU (ID=0x2757)
    Vendor:   NVIDIA
    VRAM:     16050 MB
    Driver:   31.0.15.5222
Initialize mono
Mono path[0] = 'C:/Program Files/Unity/Hub/Editor/2022.3.23f1/Editor/Data/Managed'
Mono path[1] = 'C:/Program Files/Unity/Hub/Editor/2022.3.23f1/Editor/Data/MonoBleedingEdge/lib/mono/unityjit-win32'
Mono config path = 'C:/Program Files/Unity/Hub/Editor/2022.3.23f1/Editor/Data/MonoBleedingEdge/etc'
Using monoOptions --debugger-agent=transport=dt_socket,embedding=1,server=y,suspend=n,address=127.0.0.1:56792
Begin MonoManager ReloadAssembly
Registering precompiled unity dll's ...
Register platform support module: C:/Program Files/Unity/Hub/Editor/2022.3.23f1/Editor/Data/PlaybackEngines/WindowsStandaloneSupport/UnityEditor.WindowsStandalone.Extensions.dll
Register platform support module: C:/Program Files/Unity/Hub/Editor/2022.3.23f1/Editor/Data/PlaybackEngines/MetroSupport/UnityEditor.UWP.Extensions.dll
Registered in 0.013317 seconds.
- Loaded All Assemblies, in  0.408 seconds
Native extension for UWP target not found
Native extension for WindowsStandalone target not found
Mono: successfully reloaded assembly
- Finished resetting the current domain, in  0.329 seconds
Domain Reload Profiling: 736ms
	BeginReloadAssembly (122ms)
		ExecutionOrderSort (0ms)
		DisableScriptedObjects (0ms)
		BackupInstance (0ms)
		ReleaseScriptingObjects (0ms)
		CreateAndSetChildDomain (1ms)
	RebuildCommonClasses (35ms)
	RebuildNativeTypeToScriptingClass (10ms)
	initialDomainReloadingComplete (68ms)
	LoadAllAssembliesAndSetupDomain (172ms)
		LoadAssemblies (119ms)
		RebuildTransferFunctionScriptingTraits (0ms)
		AnalyzeDomain (170ms)
			TypeCache.Refresh (168ms)
				TypeCache.ScanAssembly (149ms)
			ScanForSourceGeneratedMonoScriptInfo (1ms)
			ResolveRequiredComponents (1ms)
	FinalizeReload (330ms)
		ReleaseScriptCaches (0ms)
		RebuildScriptCaches (0ms)
		SetupLoadedEditorAssemblies (252ms)
			LogAssemblyErrors (0ms)
			InitializePlatformSupportModulesInManaged (10ms)
			SetLoadedEditorAssemblies (6ms)
			RefreshPlugins (0ms)
			BeforeProcessingInitializeOnLoad (2ms)
			ProcessInitializeOnLoadAttributes (176ms)
			ProcessInitializeOnLoadMethodAttributes (57ms)
			AfterProcessingInitializeOnLoad (0ms)
			EditorAssembliesLoaded (0ms)
		ExecutionOrderSort2 (0ms)
		AwakeInstancesAfterBackupRestoration (0ms)
========================================================================
Worker process is ready to serve import requests
Begin MonoManager ReloadAssembly
- Loaded All Assemblies, in  1.020 seconds
Refreshing native plugins compatible for Editor in 23.75 ms, found 15 plugins.
Native extension for UWP target not found
Native extension for WindowsStandalone target not found
Package Manager log level set to [2]
[Package Manager] Server::EnsureServerProcessIsRunning -- launch failed, reason: Unity was launched with the -noUpm command-line argument
[Package Manager] UpmClient::Send -- Unable to send message (not connected to UPM process).
[Package Manager] Cannot connect to Unity Package Manager local server
[Package Manager] Server::EnsureServerProcessIsRunning -- launch failed, reason: Unity was launched with the -noUpm command-line argument
[Package Manager] UpmClient::Send -- Unable to send message (not connected to UPM process).
[Package Manager] Cannot connect to Unity Package Manager local server
Mono: successfully reloaded assembly
[Package Manager] Server::EnsureServerProcessIsRunning -- launch failed, reason: Unity was launched with the -noUpm command-line argument
[Package Manager] UpmClient::Send -- Unable to send message (not connected to UPM process).
[Package Manager] Cannot connect to Unity Package Manager local server
[Package Manager] Server::EnsureServerProcessIsRunning -- launch failed, reason: Unity was launched with the -noUpm command-line argument
[Package Manager] UpmClient::Send -- Unable to send message (not connected to UPM process).
[Package Manager] Cannot connect to Unity Package Manager local server
- Finished resetting the current domain, in  1.278 seconds
Domain Reload Profiling: 2292ms
	BeginReloadAssembly (185ms)
		ExecutionOrderSort (0ms)
		DisableScriptedObjects (5ms)
		BackupInstance (0ms)
		ReleaseScriptingObjects (0ms)
		CreateAndSetChildDomain (21ms)
	RebuildCommonClasses (43ms)
	RebuildNativeTypeToScriptingClass (12ms)
	initialDomainReloadingComplete (58ms)
	LoadAllAssembliesAndSetupDomain (715ms)
		LoadAssemblies (452ms)
		RebuildTransferFunctionScriptingTraits (0ms)
		AnalyzeDomain (371ms)
			TypeCache.Refresh (284ms)
				TypeCache.ScanAssembly (261ms)
			ScanForSourceGeneratedMonoScriptInfo (58ms)
			ResolveRequiredComponents (26ms)
	FinalizeReload (1279ms)
		ReleaseScriptCaches (0ms)
		RebuildScriptCaches (0ms)
		SetupLoadedEditorAssemblies (1027ms)
			LogAssemblyErrors (0ms)
			InitializePlatformSupportModulesInManaged (13ms)
			SetLoadedEditorAssemblies (9ms)
			RefreshPlugins (0ms)
			BeforeProcessingInitializeOnLoad (126ms)
			ProcessInitializeOnLoadAttributes (781ms)
			ProcessInitializeOnLoadMethodAttributes (89ms)
			AfterProcessingInitializeOnLoad (10ms)
			EditorAssembliesLoaded (0ms)
		ExecutionOrderSort2 (0ms)
		AwakeInstancesAfterBackupRestoration (10ms)
Launched and connected shader compiler UnityShaderCompiler.exe after 0.07 seconds
Refreshing native plugins compatible for Editor in 36.05 ms, found 15 plugins.
Preloading 0 native plugins for Editor in 0.00 ms.
Unloading 5964 Unused Serialized files (Serialized files now loaded: 0)
Unloading 91 unused Assets / (1.2 MB). Loaded Objects now: 6431.
Memory consumption went from 200.5 MB to 199.3 MB.
Total: 7.105900 ms (FindLiveObjects: 0.371500 ms CreateObjectMapping: 0.152900 ms MarkObjects: 5.566700 ms  DeleteObjects: 1.013400 ms)

AssetImportParameters requested are different than current active one (requested -> active):
  custom:container-demuxer-ogg: 62fdf1f143b41e24485cea50d1cbac27 -> 
  custom:video-codec-MediaFoundation-h265: 746d11721c4dcdbdad8f713fa42b33f4 -> 
  custom:video-decoder-ogg-theora: a1e56fd34408186e4bbccfd4996cb3dc -> 
  custom:framework-win-MediaFoundation: 216162199b28c13a410421893ffa2e32 -> 
  custom:CustomObjectIndexerAttribute: 9a22284fe3817be447336de3de66b15e -> 
  custom:container-demuxer-webm: 4f35f7cbe854078d1ac9338744f61a02 -> 
  custom:container-muxer-webm: aa71ff27fc2769a1b78a27578f13a17b -> 
  custom:video-decoder-webm-vp8: 9c59270c3fd7afecdb556c50c9e8de78 -> 
  custom:SearchIndexIgnoredProperties: e643bd26f0fe6173181afceb89e7c659 -> 
  custom:AudioImporter_EditorPlatform: d09bf68614088b80899f8185d706f6e7 -> 
  custom:video-encoder-webm-vp8: eb34c28f22e8b96e1ab97ce403110664 -> 
  custom:audio-decoder-ogg-vorbis: bf7c407c2cedff20999df2af8eb42d56 -> 
  custom:audio-encoder-webm-vorbis: bf7c407c2cedff20999df2af8eb42d56 -> 
========================================================================
Received Import Request.
  Time since last request: 271841.990537 seconds.
  path: Assets/MRTK/SDK/Features/UX/Interactable/Materials/Background.mat
  artifactKey: Guid(b861d27e49afd724286961e0f6a1de52) Importer(815301076,1909f56bfc062723c751e8b465ee728b)
Start importing Assets/MRTK/SDK/Features/UX/Interactable/Materials/Background.mat using Guid(b861d27e49afd724286961e0f6a1de52) Importer(815301076,1909f56bfc062723c751e8b465ee728b)  -> (artifact id: '583b39de3f41c9ea83f79062fb3ea96a') in 0.268524 seconds
Number of updated asset objects reloaded before import = 0
Number of asset objects unloaded after import = 1
========================================================================
Received Import Request.
  Time since last request: 0.000041 seconds.
  path: Assets/MRTK/SDK/Features/UX/Prefabs/Cursors/DefaultGazeCursor.prefab
  artifactKey: Guid(5b3e2856904e43c680f84f326861032a) Importer(815301076,1909f56bfc062723c751e8b465ee728b)
Start importing Assets/MRTK/SDK/Features/UX/Prefabs/Cursors/DefaultGazeCursor.prefab using Guid(5b3e2856904e43c680f84f326861032a) Importer(815301076,1909f56bfc062723c751e8b465ee728b)  -> (artifact id: 'd226c36388dbb11c1acd32d85f5b6e90') in 0.110740 seconds
Number of updated asset objects reloaded before import = 0
Number of asset objects unloaded after import = 170
========================================================================
Received Import Request.
  Time since last request: 0.000017 seconds.
  path: Assets/MRTK/Examples/StandardAssets/Materials/Coffee.mat
  artifactKey: Guid(7ff1cc8e6d74d0b4a92df2bb2a2b9837) Importer(815301076,1909f56bfc062723c751e8b465ee728b)
Start importing Assets/MRTK/Examples/StandardAssets/Materials/Coffee.mat using Guid(7ff1cc8e6d74d0b4a92df2bb2a2b9837) Importer(815301076,1909f56bfc062723c751e8b465ee728b)  -> (artifact id: '4b5201ec6e81f8f296d5e7c89156b89a') in 0.095418 seconds
Number of updated asset objects reloaded before import = 0
Number of asset objects unloaded after import = 2
========================================================================
Received Import Request.
  Time since last request: 0.000016 seconds.
  path: Assets/MRTK/SDK/Features/UX/Prefabs/Tooltips/Constrained Parabola Tooltip.prefab
  artifactKey: Guid(4e88d209b9ebe8b42a4d4748bd9b7141) Importer(815301076,1909f56bfc062723c751e8b465ee728b)
Start importing Assets/MRTK/SDK/Features/UX/Prefabs/Tooltips/Constrained Parabola Tooltip.prefab using Guid(4e88d209b9ebe8b42a4d4748bd9b7141) Importer(815301076,1909f56bfc062723c751e8b465ee728b)  -> (artifact id: '388f18ce51701e2cccaeea327917755d') in 0.081428 seconds
Number of updated asset objects reloaded before import = 0
Number of asset objects unloaded after import = 39
========================================================================
Received Import Request.
  Time since last request: 0.000028 seconds.
  path: Assets/MRTK/SDK/Features/UX/Prefabs/ProgressIndicators/ProgressIndicatorLoadingBar.prefab
  artifactKey: Guid(57d2436112e7d424da7e9a8e41c608dc) Importer(815301076,1909f56bfc062723c751e8b465ee728b)
Start importing Assets/MRTK/SDK/Features/UX/Prefabs/ProgressIndicators/ProgressIndicatorLoadingBar.prefab using Guid(57d2436112e7d424da7e9a8e41c608dc) Importer(815301076,1909f56bfc062723c751e8b465ee728b)  -> (artifact id: '22879fae0262f950b9484d1beacab9ec') in 0.076141 seconds
Number of updated asset objects reloaded before import = 0
Number of asset objects unloaded after import = 39
========================================================================
Received Import Request.
  Time since last request: 0.000035 seconds.
  path: Assets/MRTK/SDK/Features/UX/Interactable/Materials/HolographicButtonContentCage.mat
  artifactKey: Guid(7a340917eaca38f43a0deae0b3175ae2) Importer(815301076,1909f56bfc062723c751e8b465ee728b)
Start importing Assets/MRTK/SDK/Features/UX/Interactable/Materials/HolographicButtonContentCage.mat using Guid(7a340917eaca38f43a0deae0b3175ae2) Importer(815301076,1909f56bfc062723c751e8b465ee728b)  -> (artifact id: '1a35697d5451732425a26fda4be1a3ec') in 0.056054 seconds
Number of updated asset objects reloaded before import = 0
Number of asset objects unloaded after import = 1
========================================================================
Received Import Request.
  Time since last request: 0.000021 seconds.
  path: Assets/MRTK/SDK/Features/UX/Interactable/Prefabs/PressableButtonHoloLens2ToggleSwitch_32x32.prefab
  artifactKey: Guid(8d9a1a91bd8236b49be2be0a78fcf5e6) Importer(815301076,1909f56bfc062723c751e8b465ee728b)
Start importing Assets/MRTK/SDK/Features/UX/Interactable/Prefabs/PressableButtonHoloLens2ToggleSwitch_32x32.prefab using Guid(8d9a1a91bd8236b49be2be0a78fcf5e6) Importer(815301076,1909f56bfc062723c751e8b465ee728b)  -> (artifact id: '720181a96f2244301957e760fd2e1be1') in 0.336013 seconds
Number of updated asset objects reloaded before import = 0
Number of asset objects unloaded after import = 524
========================================================================
Received Import Request.
  Time since last request: 0.000029 seconds.
  path: Assets/MRTK/Examples/Experimental/ColorPicker/Materials/ColorPickerToggleButtonMaterial.mat
  artifactKey: Guid(ea1aaec1fef6b474ab65d774c64cf8dc) Importer(815301076,1909f56bfc062723c751e8b465ee728b)
Start importing Assets/MRTK/Examples/Experimental/ColorPicker/Materials/ColorPickerToggleButtonMaterial.mat using Guid(ea1aaec1fef6b474ab65d774c64cf8dc) Importer(815301076,1909f56bfc062723c751e8b465ee728b)  -> (artifact id: 'cc4d4f9ad65b5b939bb99c2ef7ef9d2e') in 0.067600 seconds
Number of updated asset objects reloaded before import = 0
Number of asset objects unloaded after import = 1
========================================================================
Received Import Request.
  Time since last request: 0.000027 seconds.
  path: Assets/MRTK/Examples/Demos/EyeTracking/General/Prefabs/EyeTrackingDemos ManagerComponents.prefab
  artifactKey: Guid(fda837e43ea42874b8a9941a5968b1d1) Importer(815301076,1909f56bfc062723c751e8b465ee728b)
Start importing Assets/MRTK/Examples/Demos/EyeTracking/General/Prefabs/EyeTrackingDemos ManagerComponents.prefab using Guid(fda837e43ea42874b8a9941a5968b1d1) Importer(815301076,1909f56bfc062723c751e8b465ee728b)  -> (artifact id: 'f0c7867b86e333b799635ce6310c5a12') in 0.593051 seconds
Number of updated asset objects reloaded before import = 0
Number of asset objects unloaded after import = 1654
========================================================================
Received Import Request.
  Time since last request: 0.000030 seconds.
  path: Assets/MRTK/SDK/Features/UX/Interactable/Materials/HolographicButtonIconCamera.mat
  artifactKey: Guid(943fce092bd9aea49808ff09b520bf74) Importer(815301076,1909f56bfc062723c751e8b465ee728b)
Start importing Assets/MRTK/SDK/Features/UX/Interactable/Materials/HolographicButtonIconCamera.mat using Guid(943fce092bd9aea49808ff09b520bf74) Importer(815301076,1909f56bfc062723c751e8b465ee728b)  -> (artifact id: '8c19883323a19cb2b6cef29df72383cb') in 0.053219 seconds
Number of updated asset objects reloaded before import = 0
Number of asset objects unloaded after import = 2
========================================================================
Received Import Request.
  Time since last request: 0.000028 seconds.
  path: Assets/MRTK/SDK/Features/UX/Interactable/Materials/HolographicBackPlateToggleState.mat
  artifactKey: Guid(552f1a3245d3edc4a96fe296c950532a) Importer(815301076,1909f56bfc062723c751e8b465ee728b)
Start importing Assets/MRTK/SDK/Features/UX/Interactable/Materials/HolographicBackPlateToggleState.mat using Guid(552f1a3245d3edc4a96fe296c950532a) Importer(815301076,1909f56bfc062723c751e8b465ee728b)  -> (artifact id: 'd2f28e3e1c983de99407f186c99a1ce2') in 0.019178 seconds
Number of updated asset objects reloaded before import = 0
Number of asset objects unloaded after import = 2
========================================================================
Received Import Request.
  Time since last request: 0.000072 seconds.
  path: Assets/MRTK/Examples/Demos/Input/Scenes/InputData/InputRaysFloor_Highlighted.mat
  artifactKey: Guid(3f37b7f7a8cd11249a3e29496b30b2c3) Importer(815301076,1909f56bfc062723c751e8b465ee728b)
Start importing Assets/MRTK/Examples/Demos/Input/Scenes/InputData/InputRaysFloor_Highlighted.mat using Guid(3f37b7f7a8cd11249a3e29496b30b2c3) Importer(815301076,1909f56bfc062723c751e8b465ee728b)  -> (artifact id: 'f7d6a13b89c52b9f5c32db57b78ec347') in 0.258825 seconds
Number of updated asset objects reloaded before import = 0
Number of asset objects unloaded after import = 1
========================================================================
Received Import Request.
  Time since last request: 0.000020 seconds.
  path: Assets/MRTK/SDK/Features/UX/Meshes/Cursors/TeleportCursor.fbx
  artifactKey: Guid(63df887775f744ff81b5498f43f24074) Importer(815301076,1909f56bfc062723c751e8b465ee728b)
Start importing Assets/MRTK/SDK/Features/UX/Meshes/Cursors/TeleportCursor.fbx using Guid(63df887775f744ff81b5498f43f24074) Importer(815301076,1909f56bfc062723c751e8b465ee728b)  -> (artifact id: 'f01a467e27284bd0b0863940cde8885c') in 0.324809 seconds
Number of updated asset objects reloaded before import = 0
Number of asset objects unloaded after import = 27
========================================================================
Received Import Request.
  Time since last request: 0.000033 seconds.
  path: Assets/MRTK/SDK/Features/UX/Interactable/Prefabs/PressableButtonHoloLens2ToggleDwell.prefab
  artifactKey: Guid(005e88c8b4bdc854fa6deb50b78a6001) Importer(815301076,1909f56bfc062723c751e8b465ee728b)
Start importing Assets/MRTK/SDK/Features/UX/Interactable/Prefabs/PressableButtonHoloLens2ToggleDwell.prefab using Guid(005e88c8b4bdc854fa6deb50b78a6001) Importer(815301076,1909f56bfc062723c751e8b465ee728b)  -> (artifact id: '0cfee26e0dc62a0495b0a813ba91ea83') in 0.170902 seconds
Number of updated asset objects reloaded before import = 0
Number of asset objects unloaded after import = 354
========================================================================
Received Import Request.
  Time since last request: 0.000029 seconds.
  path: Assets/MRTK/StandardAssets/Fonts/selawkb.ttf
  artifactKey: Guid(a99e8b1ed1154eb58270cc6a18605657) Importer(815301076,1909f56bfc062723c751e8b465ee728b)
Start importing Assets/MRTK/StandardAssets/Fonts/selawkb.ttf using Guid(a99e8b1ed1154eb58270cc6a18605657) Importer(815301076,1909f56bfc062723c751e8b465ee728b)  -> (artifact id: '3881e7bc48371c3c15ad8e2b7707ac6a') in 0.029117 seconds
Number of updated asset objects reloaded before import = 0
Number of asset objects unloaded after import = 4
========================================================================
Received Import Request.
  Time since last request: 0.000027 seconds.
  path: Assets/MRTK/SDK/Features/UX/Interactable/Materials/HolographicButtonThinContent.mat
  artifactKey: Guid(2908087d837e7ab4f8bc0c2b3de90823) Importer(815301076,1909f56bfc062723c751e8b465ee728b)
Start importing Assets/MRTK/SDK/Features/UX/Interactable/Materials/HolographicButtonThinContent.mat using Guid(2908087d837e7ab4f8bc0c2b3de90823) Importer(815301076,1909f56bfc062723c751e8b465ee728b)  -> (artifact id: '3496a7b638e018d49b302366cc48c4eb') in 0.132223 seconds
Number of updated asset objects reloaded before import = 0
Number of asset objects unloaded after import = 1
========================================================================
Received Import Request.
  Time since last request: 0.000045 seconds.
  path: Assets/MRTK/SDK/StandardAssets/Prefabs/MRTK_BoundingBox_ScaleHandle.prefab
  artifactKey: Guid(ba9083550f965e545a628b53bfa80c9e) Importer(815301076,1909f56bfc062723c751e8b465ee728b)
Start importing Assets/MRTK/SDK/StandardAssets/Prefabs/MRTK_BoundingBox_ScaleHandle.prefab using Guid(ba9083550f965e545a628b53bfa80c9e) Importer(815301076,1909f56bfc062723c751e8b465ee728b)  -> (artifact id: '8b20db80d6e05ace05b9b68d31e53b32') in 0.017533 seconds
Number of updated asset objects reloaded before import = 0
Number of asset objects unloaded after import = 13
========================================================================
Received Import Request.
  Time since last request: 0.000019 seconds.
  path: Assets/MRTK/Examples/Demos/EyeTracking/DemoTargetSelections/Materials/mat_notification_box_5x1.mat
  artifactKey: Guid(7aae483986b236848bb7fdfd39f6dcb4) Importer(815301076,1909f56bfc062723c751e8b465ee728b)
Start importing Assets/MRTK/Examples/Demos/EyeTracking/DemoTargetSelections/Materials/mat_notification_box_5x1.mat using Guid(7aae483986b236848bb7fdfd39f6dcb4) Importer(815301076,1909f56bfc062723c751e8b465ee728b)  -> (artifact id: '75d826bc7bc67a4a73ab5213a62f1045') in 0.094567 seconds
Number of updated asset objects reloaded before import = 0
Number of asset objects unloaded after import = 2
========================================================================
Received Import Request.
  Time since last request: 0.000024 seconds.
  path: Assets/MRTK/SDK/Features/UX/Prefabs/Menus/NearMenu4x2.prefab
  artifactKey: Guid(6dfc5f0a5fe04f94ab15177720f4bf05) Importer(815301076,1909f56bfc062723c751e8b465ee728b)
Start importing Assets/MRTK/SDK/Features/UX/Prefabs/Menus/NearMenu4x2.prefab using Guid(6dfc5f0a5fe04f94ab15177720f4bf05) Importer(815301076,1909f56bfc062723c751e8b465ee728b)  -> (artifact id: 'f5395c5ae529c1f604b28a56c0f2e255') in 0.213993 seconds
Number of updated asset objects reloaded before import = 0
Number of asset objects unloaded after import = 1276
========================================================================
Received Import Request.
  Time since last request: 0.000037 seconds.
  path: Assets/MRTK/SDK/Features/UX/Interactable/Prefabs/PressableButtonHoloLens2_32x96_Dwell.prefab
  artifactKey: Guid(7d4c42928b6cb354890f921430b6bcd5) Importer(815301076,1909f56bfc062723c751e8b465ee728b)
Start importing Assets/MRTK/SDK/Features/UX/Interactable/Prefabs/PressableButtonHoloLens2_32x96_Dwell.prefab using Guid(7d4c42928b6cb354890f921430b6bcd5) Importer(815301076,1909f56bfc062723c751e8b465ee728b)  -> (artifact id: 'cbbe65cdc292d7300bddf8b56c55e167') in 0.091864 seconds
Number of updated asset objects reloaded before import = 0
Number of asset objects unloaded after import = 338
========================================================================
Received Import Request.
  Time since last request: 0.000044 seconds.
  path: Assets/MRTK/SDK/Features/UX/Prefabs/Cursors/CursorMoveArrowsMove.prefab
  artifactKey: Guid(cab2fee02e78ee94eb110dc9a99f892f) Importer(815301076,1909f56bfc062723c751e8b465ee728b)
Start importing Assets/MRTK/SDK/Features/UX/Prefabs/Cursors/CursorMoveArrowsMove.prefab using Guid(cab2fee02e78ee94eb110dc9a99f892f) Importer(815301076,1909f56bfc062723c751e8b465ee728b)  -> (artifact id: '3d84684cf08e00f24a5eba7bdec1d6b3') in 0.021956 seconds
Number of updated asset objects reloaded before import = 0
Number of asset objects unloaded after import = 13
========================================================================
Received Import Request.
  Time since last request: 0.000027 seconds.
  path: Assets/MRTK/SDK/Features/UX/Meshes/Cursors/Cursor_MousePointer_geo.fbx
  artifactKey: Guid(555e9d637afc1bb4588b164af67be209) Importer(815301076,1909f56bfc062723c751e8b465ee728b)
Start importing Assets/MRTK/SDK/Features/UX/Meshes/Cursors/Cursor_MousePointer_geo.fbx using Guid(555e9d637afc1bb4588b164af67be209) Importer(815301076,1909f56bfc062723c751e8b465ee728b)  -> (artifact id: '3dbfb5e7f939f1a5d4e8f8897bcd931e') in 0.085576 seconds
Number of updated asset objects reloaded before import = 0
Number of asset objects unloaded after import = 9
========================================================================
Received Import Request.
  Time since last request: 0.000082 seconds.
  path: Assets/MRTK/SDK/Features/UX/Prefabs/HandCoach/InteractionHint_R.prefab
  artifactKey: Guid(d4bfb84b8b01db84abcfd74f45ef97dd) Importer(815301076,1909f56bfc062723c751e8b465ee728b)
Start importing Assets/MRTK/SDK/Features/UX/Prefabs/HandCoach/InteractionHint_R.prefab using Guid(d4bfb84b8b01db84abcfd74f45ef97dd) Importer(815301076,1909f56bfc062723c751e8b465ee728b)  -> (artifact id: 'a11a43e8163a1de8361cf9ee4448ed98') in 0.144728 seconds
Number of updated asset objects reloaded before import = 0
Number of asset objects unloaded after import = 130
========================================================================
Received Import Request.
  Time since last request: 3.705492 seconds.
  path: Assets/MRTK/SDK/Features/UX/Prefabs/HandCoach/RotatingHandCoachRoot_R.prefab
  artifactKey: Guid(49ff9a55c296801468e84f70d0bb6841) Importer(815301076,1909f56bfc062723c751e8b465ee728b)
Start importing Assets/MRTK/SDK/Features/UX/Prefabs/HandCoach/RotatingHandCoachRoot_R.prefab using Guid(49ff9a55c296801468e84f70d0bb6841) Importer(815301076,1909f56bfc062723c751e8b465ee728b)  -> (artifact id: '64f63188594ebff0bc85cf884ffd4793') in 0.203822 seconds
Number of updated asset objects reloaded before import = 0
Number of asset objects unloaded after import = 193
========================================================================
Received Import Request.
  Time since last request: 0.000028 seconds.
  path: Assets/MRTK/SDK/Features/UX/Prefabs/HandCoach/StaticHandCoachRoot_R.prefab
  artifactKey: Guid(2225b28a6968ba04594a7564e934a679) Importer(815301076,1909f56bfc062723c751e8b465ee728b)
Start importing Assets/MRTK/SDK/Features/UX/Prefabs/HandCoach/StaticHandCoachRoot_R.prefab using Guid(2225b28a6968ba04594a7564e934a679) Importer(815301076,1909f56bfc062723c751e8b465ee728b)  -> (artifact id: 'd9daeb946c37aeedf50d16768a96c784') in 0.168283 seconds
Number of updated asset objects reloaded before import = 0
Number of asset objects unloaded after import = 185
========================================================================
Received Import Request.
  Time since last request: 0.331458 seconds.
  path: Assets/MRTK/SDK/Features/UX/Interactable/Prefabs/ToggleButton.prefab
  artifactKey: Guid(51cc6641d88b49d46bd38572540efe6c) Importer(815301076,1909f56bfc062723c751e8b465ee728b)
Start importing Assets/MRTK/SDK/Features/UX/Interactable/Prefabs/ToggleButton.prefab using Guid(51cc6641d88b49d46bd38572540efe6c) Importer(815301076,1909f56bfc062723c751e8b465ee728b)  -> (artifact id: '82ae762ba9211366f1d586f8a886043a') in 0.095914 seconds
Number of updated asset objects reloaded before import = 0
Number of asset objects unloaded after import = 79
========================================================================
Received Import Request.
  Time since last request: 0.000016 seconds.
  path: Assets/MRTK/SDK/Features/UX/Interactable/Prefabs/ToggleSwitch.prefab
  artifactKey: Guid(a0dc4a34875700c4aba845405dc43a89) Importer(815301076,1909f56bfc062723c751e8b465ee728b)
Start importing Assets/MRTK/SDK/Features/UX/Interactable/Prefabs/ToggleSwitch.prefab using Guid(a0dc4a34875700c4aba845405dc43a89) Importer(815301076,1909f56bfc062723c751e8b465ee728b)  -> (artifact id: '4ef3157046d78bb0a53f4f9f594ca25d') in 0.128444 seconds
Number of updated asset objects reloaded before import = 0
Number of asset objects unloaded after import = 59
========================================================================
Received Import Request.
  Time since last request: 999.928890 seconds.
  path: Assets/MRTK/Examples/StandardAssets/IconSets/ExamplesIconSet.asset
  artifactKey: Guid(88f4439d031a069488ae68f0e97ab9a8) Importer(815301076,1909f56bfc062723c751e8b465ee728b)
Start importing Assets/MRTK/Examples/StandardAssets/IconSets/ExamplesIconSet.asset using Guid(88f4439d031a069488ae68f0e97ab9a8) Importer(815301076,1909f56bfc062723c751e8b465ee728b)  -> (artifact id: '45d4d79fc25271aae64878196fe7ea44') in 0.016066 seconds
Number of updated asset objects reloaded before import = 0
Number of asset objects unloaded after import = 42
========================================================================
Received Prepare
Begin MonoManager ReloadAssembly
- Loaded All Assemblies, in  0.416 seconds
Refreshing native plugins compatible for Editor in 12.37 ms, found 15 plugins.
Native extension for UWP target not found
Native extension for WindowsStandalone target not found
[Package Manager] Server::EnsureServerProcessIsRunning -- launch failed, reason: Unity was launched with the -noUpm command-line argument
[Package Manager] UpmClient::Send -- Unable to send message (not connected to UPM process).
[Package Manager] Cannot connect to Unity Package Manager local server
[Package Manager] Server::EnsureServerProcessIsRunning -- launch failed, reason: Unity was launched with the -noUpm command-line argument
[Package Manager] UpmClient::Send -- Unable to send message (not connected to UPM process).
[Package Manager] Cannot connect to Unity Package Manager local server
Mono: successfully reloaded assembly
[Package Manager] Server::EnsureServerProcessIsRunning -- launch failed, reason: Unity was launched with the -noUpm command-line argument
[Package Manager] UpmClient::Send -- Unable to send message (not connected to UPM process).
[Package Manager] Cannot connect to Unity Package Manager local server
- Finished resetting the current domain, in  0.916 seconds
Domain Reload Profiling: 1329ms
	BeginReloadAssembly (130ms)
		ExecutionOrderSort (0ms)
		DisableScriptedObjects (3ms)
		BackupInstance (0ms)
		ReleaseScriptingObjects (0ms)
		CreateAndSetChildDomain (36ms)
	RebuildCommonClasses (24ms)
	RebuildNativeTypeToScriptingClass (8ms)
	initialDomainReloadingComplete (21ms)
	LoadAllAssembliesAndSetupDomain (229ms)
		LoadAssemblies (265ms)
		RebuildTransferFunctionScriptingTraits (0ms)
		AnalyzeDomain (22ms)
			TypeCache.Refresh (8ms)
				TypeCache.ScanAssembly (0ms)
			ScanForSourceGeneratedMonoScriptInfo (0ms)
			ResolveRequiredComponents (13ms)
	FinalizeReload (917ms)
		ReleaseScriptCaches (0ms)
		RebuildScriptCaches (0ms)
		SetupLoadedEditorAssemblies (467ms)
			LogAssemblyErrors (0ms)
			InitializePlatformSupportModulesInManaged (5ms)
			SetLoadedEditorAssemblies (6ms)
			RefreshPlugins (0ms)
			BeforeProcessingInitializeOnLoad (83ms)
			ProcessInitializeOnLoadAttributes (309ms)
			ProcessInitializeOnLoadMethodAttributes (51ms)
			AfterProcessingInitializeOnLoad (11ms)
			EditorAssembliesLoaded (1ms)
		ExecutionOrderSort2 (0ms)
		AwakeInstancesAfterBackupRestoration (14ms)
Refreshing native plugins compatible for Editor in 24.86 ms, found 15 plugins.
Preloading 0 native plugins for Editor in 0.00 ms.
Unloading 5901 Unused Serialized files (Serialized files now loaded: 0)
Unloading 73 unused Assets / (1.1 MB). Loaded Objects now: 6494.
Memory consumption went from 198.6 MB to 197.4 MB.
Total: 3.784400 ms (FindLiveObjects: 0.290500 ms CreateObjectMapping: 0.111600 ms MarkObjects: 2.904400 ms  DeleteObjects: 0.476900 ms)

Prepare: number of updated asset objects reloaded= 0
AssetImportParameters requested are different than current active one (requested -> active):
  custom:container-demuxer-ogg: 62fdf1f143b41e24485cea50d1cbac27 -> 
  custom:video-codec-MediaFoundation-h265: 746d11721c4dcdbdad8f713fa42b33f4 -> 
  custom:video-decoder-ogg-theora: a1e56fd34408186e4bbccfd4996cb3dc -> 
  custom:framework-win-MediaFoundation: 216162199b28c13a410421893ffa2e32 -> 
  custom:CustomObjectIndexerAttribute: 9a22284fe3817be447336de3de66b15e -> 
  custom:container-demuxer-webm: 4f35f7cbe854078d1ac9338744f61a02 -> 
  custom:container-muxer-webm: aa71ff27fc2769a1b78a27578f13a17b -> 
  custom:video-decoder-webm-vp8: 9c59270c3fd7afecdb556c50c9e8de78 -> 
  custom:SearchIndexIgnoredProperties: e643bd26f0fe6173181afceb89e7c659 -> 
  custom:AudioImporter_EditorPlatform: d09bf68614088b80899f8185d706f6e7 -> 
  custom:video-encoder-webm-vp8: eb34c28f22e8b96e1ab97ce403110664 -> 
  custom:audio-decoder-ogg-vorbis: bf7c407c2cedff20999df2af8eb42d56 -> 
  custom:audio-encoder-webm-vorbis: bf7c407c2cedff20999df2af8eb42d56 -> 
========================================================================
Received Prepare
Begin MonoManager ReloadAssembly
- Loaded All Assemblies, in  0.390 seconds
Refreshing native plugins compatible for Editor in 10.73 ms, found 15 plugins.
Native extension for UWP target not found
Native extension for WindowsStandalone target not found
[Package Manager] Server::EnsureServerProcessIsRunning -- launch failed, reason: Unity was launched with the -noUpm command-line argument
[Package Manager] UpmClient::Send -- Unable to send message (not connected to UPM process).
[Package Manager] Cannot connect to Unity Package Manager local server
[Package Manager] Server::EnsureServerProcessIsRunning -- launch failed, reason: Unity was launched with the -noUpm command-line argument
[Package Manager] UpmClient::Send -- Unable to send message (not connected to UPM process).
[Package Manager] Cannot connect to Unity Package Manager local server
Mono: successfully reloaded assembly
[Package Manager] Server::EnsureServerProcessIsRunning -- launch failed, reason: Unity was launched with the -noUpm command-line argument
[Package Manager] UpmClient::Send -- Unable to send message (not connected to UPM process).
[Package Manager] Cannot connect to Unity Package Manager local server
- Finished resetting the current domain, in  0.888 seconds
Domain Reload Profiling: 1273ms
	BeginReloadAssembly (121ms)
		ExecutionOrderSort (0ms)
		DisableScriptedObjects (3ms)
		BackupInstance (0ms)
		ReleaseScriptingObjects (0ms)
		CreateAndSetChildDomain (29ms)
	RebuildCommonClasses (24ms)
	RebuildNativeTypeToScriptingClass (8ms)
	initialDomainReloadingComplete (23ms)
	LoadAllAssembliesAndSetupDomain (210ms)
		LoadAssemblies (250ms)
		RebuildTransferFunctionScriptingTraits (0ms)
		AnalyzeDomain (20ms)
			TypeCache.Refresh (7ms)
				TypeCache.ScanAssembly (0ms)
			ScanForSourceGeneratedMonoScriptInfo (0ms)
			ResolveRequiredComponents (12ms)
	FinalizeReload (888ms)
		ReleaseScriptCaches (0ms)
		RebuildScriptCaches (0ms)
		SetupLoadedEditorAssemblies (480ms)
			LogAssemblyErrors (0ms)
			InitializePlatformSupportModulesInManaged (5ms)
			SetLoadedEditorAssemblies (5ms)
			RefreshPlugins (0ms)
			BeforeProcessingInitializeOnLoad (77ms)
			ProcessInitializeOnLoadAttributes (350ms)
			ProcessInitializeOnLoadMethodAttributes (37ms)
			AfterProcessingInitializeOnLoad (5ms)
			EditorAssembliesLoaded (0ms)
		ExecutionOrderSort2 (0ms)
		AwakeInstancesAfterBackupRestoration (7ms)
Refreshing native plugins compatible for Editor in 29.54 ms, found 15 plugins.
Preloading 0 native plugins for Editor in 0.00 ms.
Unloading 5901 Unused Serialized files (Serialized files now loaded: 0)
Unloading 69 unused Assets / (1.2 MB). Loaded Objects now: 6498.
Memory consumption went from 200.6 MB to 199.4 MB.
Total: 4.939300 ms (FindLiveObjects: 0.313700 ms CreateObjectMapping: 0.833400 ms MarkObjects: 3.266700 ms  DeleteObjects: 0.524300 ms)

Prepare: number of updated asset objects reloaded= 0
AssetImportParameters requested are different than current active one (requested -> active):
  custom:container-demuxer-ogg: 62fdf1f143b41e24485cea50d1cbac27 -> 
  custom:video-codec-MediaFoundation-h265: 746d11721c4dcdbdad8f713fa42b33f4 -> 
  custom:video-decoder-ogg-theora: a1e56fd34408186e4bbccfd4996cb3dc -> 
  custom:framework-win-MediaFoundation: 216162199b28c13a410421893ffa2e32 -> 
  custom:CustomObjectIndexerAttribute: 9a22284fe3817be447336de3de66b15e -> 
  custom:container-demuxer-webm: 4f35f7cbe854078d1ac9338744f61a02 -> 
  custom:container-muxer-webm: aa71ff27fc2769a1b78a27578f13a17b -> 
  custom:video-decoder-webm-vp8: 9c59270c3fd7afecdb556c50c9e8de78 -> 
  custom:SearchIndexIgnoredProperties: e643bd26f0fe6173181afceb89e7c659 -> 
  custom:AudioImporter_EditorPlatform: d09bf68614088b80899f8185d706f6e7 -> 
  custom:video-encoder-webm-vp8: eb34c28f22e8b96e1ab97ce403110664 -> 
  custom:audio-decoder-ogg-vorbis: bf7c407c2cedff20999df2af8eb42d56 -> 
  custom:audio-encoder-webm-vorbis: bf7c407c2cedff20999df2af8eb42d56 -> 
========================================================================
Received Prepare
Begin MonoManager ReloadAssembly
- Loaded All Assemblies, in  0.409 seconds
Refreshing native plugins compatible for Editor in 12.22 ms, found 15 plugins.
Native extension for UWP target not found
Native extension for WindowsStandalone target not found
[Package Manager] Server::EnsureServerProcessIsRunning -- launch failed, reason: Unity was launched with the -noUpm command-line argument
[Package Manager] UpmClient::Send -- Unable to send message (not connected to UPM process).
[Package Manager] Cannot connect to Unity Package Manager local server
[Package Manager] Server::EnsureServerProcessIsRunning -- launch failed, reason: Unity was launched with the -noUpm command-line argument
[Package Manager] UpmClient::Send -- Unable to send message (not connected to UPM process).
[Package Manager] Cannot connect to Unity Package Manager local server
Mono: successfully reloaded assembly
[Package Manager] Server::EnsureServerProcessIsRunning -- launch failed, reason: Unity was launched with the -noUpm command-line argument
[Package Manager] UpmClient::Send -- Unable to send message (not connected to UPM process).
[Package Manager] Cannot connect to Unity Package Manager local server
- Finished resetting the current domain, in  1.079 seconds
Domain Reload Profiling: 1483ms
	BeginReloadAssembly (137ms)
		ExecutionOrderSort (0ms)
		DisableScriptedObjects (3ms)
		BackupInstance (0ms)
		ReleaseScriptingObjects (0ms)
		CreateAndSetChildDomain (31ms)
	RebuildCommonClasses (23ms)
	RebuildNativeTypeToScriptingClass (8ms)
	initialDomainReloadingComplete (26ms)
	LoadAllAssembliesAndSetupDomain (209ms)
		LoadAssemblies (260ms)
		RebuildTransferFunctionScriptingTraits (0ms)
		AnalyzeDomain (19ms)
			TypeCache.Refresh (7ms)
				TypeCache.ScanAssembly (0ms)
			ScanForSourceGeneratedMonoScriptInfo (0ms)
			ResolveRequiredComponents (11ms)
	FinalizeReload (1080ms)
		ReleaseScriptCaches (0ms)
		RebuildScriptCaches (0ms)
		SetupLoadedEditorAssemblies (639ms)
			LogAssemblyErrors (0ms)
			InitializePlatformSupportModulesInManaged (6ms)
			SetLoadedEditorAssemblies (6ms)
			RefreshPlugins (0ms)
			BeforeProcessingInitializeOnLoad (94ms)
			ProcessInitializeOnLoadAttributes (469ms)
			ProcessInitializeOnLoadMethodAttributes (56ms)
			AfterProcessingInitializeOnLoad (7ms)
			EditorAssembliesLoaded (0ms)
		ExecutionOrderSort2 (0ms)
		AwakeInstancesAfterBackupRestoration (10ms)
Refreshing native plugins compatible for Editor in 24.33 ms, found 15 plugins.
Preloading 0 native plugins for Editor in 0.00 ms.
Unloading 5901 Unused Serialized files (Serialized files now loaded: 0)
Unloading 69 unused Assets / (1.2 MB). Loaded Objects now: 6502.
Memory consumption went from 202.5 MB to 201.3 MB.
Total: 4.454700 ms (FindLiveObjects: 0.370200 ms CreateObjectMapping: 0.148400 ms MarkObjects: 3.305700 ms  DeleteObjects: 0.629200 ms)

Prepare: number of updated asset objects reloaded= 0
AssetImportParameters requested are different than current active one (requested -> active):
  custom:container-demuxer-ogg: 62fdf1f143b41e24485cea50d1cbac27 -> 
  custom:video-codec-MediaFoundation-h265: 746d11721c4dcdbdad8f713fa42b33f4 -> 
  custom:video-decoder-ogg-theora: a1e56fd34408186e4bbccfd4996cb3dc -> 
  custom:framework-win-MediaFoundation: 216162199b28c13a410421893ffa2e32 -> 
  custom:CustomObjectIndexerAttribute: 9a22284fe3817be447336de3de66b15e -> 
  custom:container-demuxer-webm: 4f35f7cbe854078d1ac9338744f61a02 -> 
  custom:container-muxer-webm: aa71ff27fc2769a1b78a27578f13a17b -> 
  custom:video-decoder-webm-vp8: 9c59270c3fd7afecdb556c50c9e8de78 -> 
  custom:SearchIndexIgnoredProperties: e643bd26f0fe6173181afceb89e7c659 -> 
  custom:AudioImporter_EditorPlatform: d09bf68614088b80899f8185d706f6e7 -> 
  custom:video-encoder-webm-vp8: eb34c28f22e8b96e1ab97ce403110664 -> 
  custom:audio-decoder-ogg-vorbis: bf7c407c2cedff20999df2af8eb42d56 -> 
  custom:audio-encoder-webm-vorbis: bf7c407c2cedff20999df2af8eb42d56 -> 
